2020-11-18 21:50:08,628 INFO o.a.j.u.JMeterUtils: Setting Locale to en_EN
2020-11-18 21:50:08,708 INFO o.a.j.JMeter: Loading user properties from: /usr/local/Cellar/jmeter/5.3/libexec/bin/user.properties
2020-11-18 21:50:08,721 INFO o.a.j.JMeter: Loading system properties from: /usr/local/Cellar/jmeter/5.3/libexec/bin/system.properties
2020-11-18 21:50:08,723 INFO o.a.j.JMeter: Copyright (c) 1998-2020 The Apache Software Foundation
2020-11-18 21:50:08,723 INFO o.a.j.JMeter: Version 5.3
2020-11-18 21:50:08,723 INFO o.a.j.JMeter: java.version=13.0.2
2020-11-18 21:50:08,723 INFO o.a.j.JMeter: java.vm.name=Java HotSpot(TM) 64-Bit Server VM
2020-11-18 21:50:08,723 INFO o.a.j.JMeter: os.name=Mac OS X
2020-11-18 21:50:08,723 INFO o.a.j.JMeter: os.arch=x86_64
2020-11-18 21:50:08,723 INFO o.a.j.JMeter: os.version=10.13.6
2020-11-18 21:50:08,723 INFO o.a.j.JMeter: file.encoding=UTF-8
2020-11-18 21:50:08,723 INFO o.a.j.JMeter: java.awt.headless=null
2020-11-18 21:50:08,724 INFO o.a.j.JMeter: Max memory     =1073741824
2020-11-18 21:50:08,724 INFO o.a.j.JMeter: Available Processors =8
2020-11-18 21:50:08,736 INFO o.a.j.JMeter: Default Locale=English (EN)
2020-11-18 21:50:08,736 INFO o.a.j.JMeter: JMeter  Locale=English (EN)
2020-11-18 21:50:08,736 INFO o.a.j.JMeter: JMeterHome=/usr/local/Cellar/jmeter/5.3/libexec
2020-11-18 21:50:08,736 INFO o.a.j.JMeter: user.dir  =/Users/erdemyilmaz/Desktop/JAVAPROJECTS/simpleWeb0/simpleweb01
2020-11-18 21:50:08,736 INFO o.a.j.JMeter: PWD       =/Users/erdemyilmaz/Desktop/JAVAPROJECTS/simpleWeb0/simpleweb01
2020-11-18 21:50:08,743 INFO o.a.j.JMeter: IP: 192.168.0.107 Name: Erdems-MBP.cable.rcn.com FullName: erdems-mbp.cable.rcn.com
2020-11-18 21:50:13,540 INFO o.a.j.JMeter: Setting LAF to: com.github.weisj.darklaf.DarkLaf:com.github.weisj.darklaf.theme.DarculaTheme
2020-11-18 21:50:24,611 INFO o.a.j.JMeter: Loaded icon properties from org/apache/jmeter/images/icon.properties
2020-11-18 21:50:25,890 INFO o.j.r.JARSourceHTTP: Requesting https://jmeter-plugins.org/repo/?installID=mac_os_x-0786c34abe48f2004f1e69260f172677-gui
2020-11-18 21:50:27,519 INFO o.j.r.PluginManager: Plugins Status: [jpgc-plugins-manager=1.3, jmeter-core=5.3, jmeter-ftp=5.3, jmeter-http=5.3, jmeter-jdbc=5.3, jmeter-jms=5.3, jmeter-junit=5.3, jmeter-java=5.3, jmeter-ldap=5.3, jmeter-mail=5.3, jmeter-mongodb=5.3, jmeter-native=5.3, jmeter-tcp=5.3, jmeter-components=5.3]
2020-11-18 21:50:27,520 INFO o.j.r.PluginManagerMenuItem: Plugins Manager has upgrades: [jpgc-plugins-manager]
2020-11-18 21:51:23,719 WARN o.a.j.p.h.c.BasicCurlParser: Unhandled option ;
CURLcode
2020-11-18 21:51:23,722 WARN o.a.j.p.h.c.BasicCurlParser: Unhandled option res;
2020-11-18 21:51:23,722 INFO o.a.j.p.h.g.a.ParseCurlCommandAction: Parsed CURL command curl ;
CURLcode res; into Request [compressed=false, url=null, method=GET, headers={}]
2020-11-18 21:51:23,722 WARN o.a.j.p.h.c.BasicCurlParser: Unhandled option =
2020-11-18 21:51:23,722 INFO o.a.j.p.h.g.a.ParseCurlCommandAction: Parsed CURL command curl = into Request [compressed=false, url=null, method=GET, headers={}]
2020-11-18 21:51:23,722 WARN o.a.j.p.h.c.BasicCurlParser: Unhandled option _easy_init();
if(
2020-11-18 21:51:23,723 INFO o.a.j.p.h.g.a.ParseCurlCommandAction: Parsed CURL command curl _easy_init();
if( into Request [compressed=false, url=null, method=GET, headers={}]
2020-11-18 21:51:23,723 WARN o.a.j.p.h.c.BasicCurlParser: Unhandled option )
2020-11-18 21:51:23,723 WARN o.a.j.p.h.c.BasicCurlParser: Unhandled option {
2020-11-18 21:51:23,723 INFO o.a.j.p.h.g.a.ParseCurlCommandAction: Parsed CURL command curl ) { into Request [compressed=false, url=null, method=GET, headers={}]
2020-11-18 21:51:23,723 WARN o.a.j.p.h.c.BasicCurlParser: Unhandled option _easy_setopt(
2020-11-18 21:51:23,723 INFO o.a.j.p.h.g.a.ParseCurlCommandAction: Parsed CURL command curl _easy_setopt( into Request [compressed=false, url=null, method=GET, headers={}]
2020-11-18 21:51:23,724 WARN o.a.j.p.h.c.BasicCurlParser: Unhandled option ,
2020-11-18 21:51:23,724 WARN o.a.j.p.h.c.BasicCurlParser: Unhandled option CURLOPT_CUSTOMREQUEST,
2020-11-18 21:51:23,724 WARN o.a.j.p.h.c.BasicCurlParser: Unhandled option GET);
2020-11-18 21:51:23,724 INFO o.a.j.p.h.g.a.ParseCurlCommandAction: Parsed CURL command curl , CURLOPT_CUSTOMREQUEST, "GET"); into Request [compressed=false, url=null, method=GET, headers={}]
2020-11-18 21:51:23,724 WARN o.a.j.p.h.c.BasicCurlParser: Unhandled option _easy_setopt(
2020-11-18 21:51:23,724 INFO o.a.j.p.h.g.a.ParseCurlCommandAction: Parsed CURL command curl _easy_setopt( into Request [compressed=false, url=null, method=GET, headers={}]
2020-11-18 21:51:23,724 WARN o.a.j.p.h.c.BasicCurlParser: Unhandled option ,
2020-11-18 21:51:23,725 WARN o.a.j.p.h.c.BasicCurlParser: Unhandled option CURLOPT_URL,
2020-11-18 21:51:23,725 INFO o.a.j.p.h.g.a.ParseCurlCommandAction: Parsed CURL command curl , CURLOPT_URL, "https://run.mocky.io/v3/23a53aea-a10d-41d6-b7a7-c22d3af8c6f6"); into Request [compressed=false, url=https://run.mocky.io/v3/23a53aea-a10d-41d6-b7a7-c22d3af8c6f6);, method=GET, headers={}]
2020-11-18 21:51:23,725 WARN o.a.j.p.h.c.BasicCurlParser: Unhandled option _easy_setopt(
2020-11-18 21:51:23,726 INFO o.a.j.p.h.g.a.ParseCurlCommandAction: Parsed CURL command curl _easy_setopt( into Request [compressed=false, url=null, method=GET, headers={}]
2020-11-18 21:51:23,726 WARN o.a.j.p.h.c.BasicCurlParser: Unhandled option ,
2020-11-18 21:51:23,726 WARN o.a.j.p.h.c.BasicCurlParser: Unhandled option CURLOPT_FOLLOWLOCATION,
2020-11-18 21:51:23,726 WARN o.a.j.p.h.c.BasicCurlParser: Unhandled option 1L);
2020-11-18 21:51:23,726 INFO o.a.j.p.h.g.a.ParseCurlCommandAction: Parsed CURL command curl , CURLOPT_FOLLOWLOCATION, 1L); into Request [compressed=false, url=null, method=GET, headers={}]
2020-11-18 21:51:23,726 WARN o.a.j.p.h.c.BasicCurlParser: Unhandled option _easy_setopt(
2020-11-18 21:51:23,726 INFO o.a.j.p.h.g.a.ParseCurlCommandAction: Parsed CURL command curl _easy_setopt( into Request [compressed=false, url=null, method=GET, headers={}]
2020-11-18 21:51:23,726 WARN o.a.j.p.h.c.BasicCurlParser: Unhandled option ,
2020-11-18 21:51:23,727 WARN o.a.j.p.h.c.BasicCurlParser: Unhandled option CURLOPT_DEFAULT_PROTOCOL,
2020-11-18 21:51:23,727 WARN o.a.j.p.h.c.BasicCurlParser: Unhandled option https);

2020-11-18 21:51:23,727 WARN o.a.j.p.h.c.BasicCurlParser: Unhandled option struct
2020-11-18 21:51:23,727 INFO o.a.j.p.h.g.a.ParseCurlCommandAction: Parsed CURL command curl , CURLOPT_DEFAULT_PROTOCOL, "https");
  struct into Request [compressed=false, url=null, method=GET, headers={}]
2020-11-18 21:51:23,727 WARN o.a.j.p.h.c.BasicCurlParser: Unhandled option _slist
2020-11-18 21:51:23,727 WARN o.a.j.p.h.c.BasicCurlParser: Unhandled option *headers
2020-11-18 21:51:23,727 WARN o.a.j.p.h.c.BasicCurlParser: Unhandled option =
2020-11-18 21:51:23,727 WARN o.a.j.p.h.c.BasicCurlParser: Unhandled option NULL;

2020-11-18 21:51:23,728 WARN o.a.j.p.h.c.BasicCurlParser: Unhandled option headers
2020-11-18 21:51:23,728 WARN o.a.j.p.h.c.BasicCurlParser: Unhandled option =
2020-11-18 21:51:23,728 INFO o.a.j.p.h.g.a.ParseCurlCommandAction: Parsed CURL command curl _slist *headers = NULL;
  headers = into Request [compressed=false, url=null, method=GET, headers={}]
2020-11-18 21:51:23,728 WARN o.a.j.p.h.c.BasicCurlParser: Unhandled option _slist_append(headers,
2020-11-18 21:51:23,728 WARN o.a.j.p.h.c.BasicCurlParser: Unhandled option mock-delay: 100ms);

2020-11-18 21:51:23,728 WARN o.a.j.p.h.c.BasicCurlParser: Unhandled option headers
2020-11-18 21:51:23,728 WARN o.a.j.p.h.c.BasicCurlParser: Unhandled option =
2020-11-18 21:51:23,728 INFO o.a.j.p.h.g.a.ParseCurlCommandAction: Parsed CURL command curl _slist_append(headers, "mock-delay: 100ms");
  headers = into Request [compressed=false, url=null, method=GET, headers={}]
2020-11-18 21:51:23,729 WARN o.a.j.p.h.c.BasicCurlParser: Unhandled option _slist_append(headers,
2020-11-18 21:51:23,729 WARN o.a.j.p.h.c.BasicCurlParser: Unhandled option http-status: not-acceptable2);

2020-11-18 21:51:23,729 WARN o.a.j.p.h.c.BasicCurlParser: Unhandled option headers
2020-11-18 21:51:23,729 WARN o.a.j.p.h.c.BasicCurlParser: Unhandled option =
2020-11-18 21:51:23,729 INFO o.a.j.p.h.g.a.ParseCurlCommandAction: Parsed CURL command curl _slist_append(headers, "http-status: not-acceptable2");
  headers = into Request [compressed=false, url=null, method=GET, headers={}]
2020-11-18 21:51:23,729 WARN o.a.j.p.h.c.BasicCurlParser: Unhandled option _slist_append(headers,
2020-11-18 21:51:23,730 WARN o.a.j.p.h.c.BasicCurlParser: Unhandled option testfolks.delay-time: 1200);
2020-11-18 21:51:23,730 INFO o.a.j.p.h.g.a.ParseCurlCommandAction: Parsed CURL command curl _slist_append(headers, "testfolks.delay-time: 1200"); into Request [compressed=false, url=null, method=GET, headers={}]
2020-11-18 21:51:23,730 WARN o.a.j.p.h.c.BasicCurlParser: Unhandled option _easy_setopt(
2020-11-18 21:51:23,730 INFO o.a.j.p.h.g.a.ParseCurlCommandAction: Parsed CURL command curl _easy_setopt( into Request [compressed=false, url=null, method=GET, headers={}]
2020-11-18 21:51:23,730 WARN o.a.j.p.h.c.BasicCurlParser: Unhandled option ,
2020-11-18 21:51:23,730 WARN o.a.j.p.h.c.BasicCurlParser: Unhandled option CURLOPT_HTTPHEADER,
2020-11-18 21:51:23,730 WARN o.a.j.p.h.c.BasicCurlParser: Unhandled option headers);

2020-11-18 21:51:23,730 WARN o.a.j.p.h.c.BasicCurlParser: Unhandled option res
2020-11-18 21:51:23,731 WARN o.a.j.p.h.c.BasicCurlParser: Unhandled option =
2020-11-18 21:51:23,731 INFO o.a.j.p.h.g.a.ParseCurlCommandAction: Parsed CURL command curl , CURLOPT_HTTPHEADER, headers);
  res = into Request [compressed=false, url=null, method=GET, headers={}]
2020-11-18 21:51:23,731 WARN o.a.j.p.h.c.BasicCurlParser: Unhandled option _easy_perform(
2020-11-18 21:51:23,731 INFO o.a.j.p.h.g.a.ParseCurlCommandAction: Parsed CURL command curl _easy_perform( into Request [compressed=false, url=null, method=GET, headers={}]
2020-11-18 21:51:23,731 WARN o.a.j.p.h.c.BasicCurlParser: Unhandled option );
}
2020-11-18 21:51:23,731 INFO o.a.j.p.h.g.a.ParseCurlCommandAction: Parsed CURL command curl );
} into Request [compressed=false, url=null, method=GET, headers={}]
2020-11-18 21:51:23,731 WARN o.a.j.p.h.c.BasicCurlParser: Unhandled option _easy_cleanup(
2020-11-18 21:51:23,731 INFO o.a.j.p.h.g.a.ParseCurlCommandAction: Parsed CURL command curl _easy_cleanup( into Request [compressed=false, url=null, method=GET, headers={}]
2020-11-18 21:51:23,731 WARN o.a.j.p.h.c.BasicCurlParser: Unhandled option );
2020-11-18 21:51:23,731 INFO o.a.j.p.h.g.a.ParseCurlCommandAction: Parsed CURL command curl ); into Request [compressed=false, url=null, method=GET, headers={}]
2020-11-18 21:51:23,733 INFO o.a.j.p.h.g.a.ParseCurlCommandAction: No AbstractThreadGroup found, potentially empty plan, creating a new plan
2020-11-18 21:51:23,746 INFO o.a.j.s.FileServer: Default base='/Users/erdemyilmaz/Desktop/JAVAPROJECTS/simpleWeb0/simpleweb01'
2020-11-18 21:51:23,760 INFO o.a.j.p.h.s.HTTPSamplerBase: Parser for text/html is org.apache.jmeter.protocol.http.parser.LagartoBasedHtmlParser
2020-11-18 21:51:23,760 INFO o.a.j.p.h.s.HTTPSamplerBase: Parser for application/xhtml+xml is org.apache.jmeter.protocol.http.parser.LagartoBasedHtmlParser
2020-11-18 21:51:23,760 INFO o.a.j.p.h.s.HTTPSamplerBase: Parser for application/xml is org.apache.jmeter.protocol.http.parser.LagartoBasedHtmlParser
2020-11-18 21:51:23,760 INFO o.a.j.p.h.s.HTTPSamplerBase: Parser for text/xml is org.apache.jmeter.protocol.http.parser.LagartoBasedHtmlParser
2020-11-18 21:51:23,761 INFO o.a.j.p.h.s.HTTPSamplerBase: Parser for text/vnd.wap.wml is org.apache.jmeter.protocol.http.parser.RegexpHTMLParser
2020-11-18 21:51:23,761 INFO o.a.j.p.h.s.HTTPSamplerBase: Parser for text/css is org.apache.jmeter.protocol.http.parser.CssParser
2020-11-18 21:51:23,773 ERROR o.a.j.p.h.g.a.ParseCurlCommandAction: Error creating test plan from cURL command:curl ;
CURLcode res;, error:null
java.net.MalformedURLException: null
	at java.net.URL.<init>(URL.java:702) ~[?:?]
	at java.net.URL.<init>(URL.java:564) ~[?:?]
	at java.net.URL.<init>(URL.java:511) ~[?:?]
	at org.apache.jmeter.protocol.http.gui.action.ParseCurlCommandAction.createSampler(ParseCurlCommandAction.java:286) ~[ApacheJMeter_http.jar:5.3]
	at org.apache.jmeter.protocol.http.gui.action.ParseCurlCommandAction.createHttpRequest(ParseCurlCommandAction.java:260) ~[ApacheJMeter_http.jar:5.3]
	at org.apache.jmeter.protocol.http.gui.action.ParseCurlCommandAction.createTestPlan(ParseCurlCommandAction.java:222) ~[ApacheJMeter_http.jar:5.3]
	at org.apache.jmeter.protocol.http.gui.action.ParseCurlCommandAction.actionPerformed(ParseCurlCommandAction.java:623) ~[ApacheJMeter_http.jar:5.3]
	at javax.swing.AbstractButton.fireActionPerformed(AbstractButton.java:1967) ~[?:?]
	at javax.swing.AbstractButton$Handler.actionPerformed(AbstractButton.java:2308) ~[?:?]
	at javax.swing.DefaultButtonModel.fireActionPerformed(DefaultButtonModel.java:405) ~[?:?]
	at javax.swing.DefaultButtonModel.setPressed(DefaultButtonModel.java:262) ~[?:?]
	at javax.swing.plaf.basic.BasicButtonListener.mouseReleased(BasicButtonListener.java:279) ~[?:?]
	at java.awt.Component.processMouseEvent(Component.java:6636) ~[?:?]
	at javax.swing.JComponent.processMouseEvent(JComponent.java:3342) ~[?:?]
	at java.awt.Component.processEvent(Component.java:6401) ~[?:?]
	at java.awt.Container.processEvent(Container.java:2263) ~[?:?]
	at java.awt.Component.dispatchEventImpl(Component.java:5012) ~[?:?]
	at java.awt.Container.dispatchEventImpl(Container.java:2321) ~[?:?]
	at java.awt.Component.dispatchEvent(Component.java:4844) ~[?:?]
	at java.awt.LightweightDispatcher.retargetMouseEvent(Container.java:4918) ~[?:?]
	at java.awt.LightweightDispatcher.processMouseEvent(Container.java:4547) ~[?:?]
	at java.awt.LightweightDispatcher.dispatchEvent(Container.java:4488) ~[?:?]
	at java.awt.Container.dispatchEventImpl(Container.java:2307) ~[?:?]
	at java.awt.Window.dispatchEventImpl(Window.java:2762) ~[?:?]
	at java.awt.Component.dispatchEvent(Component.java:4844) ~[?:?]
	at java.awt.EventQueue.dispatchEventImpl(EventQueue.java:772) ~[?:?]
	at java.awt.EventQueue$4.run(EventQueue.java:721) ~[?:?]
	at java.awt.EventQueue$4.run(EventQueue.java:715) ~[?:?]
	at java.security.AccessController.doPrivileged(AccessController.java:391) [?:?]
	at java.security.ProtectionDomain$JavaSecurityAccessImpl.doIntersectionPrivilege(ProtectionDomain.java:85) ~[?:?]
	at java.security.ProtectionDomain$JavaSecurityAccessImpl.doIntersectionPrivilege(ProtectionDomain.java:95) ~[?:?]
	at java.awt.EventQueue$5.run(EventQueue.java:745) ~[?:?]
	at java.awt.EventQueue$5.run(EventQueue.java:743) ~[?:?]
	at java.security.AccessController.doPrivileged(AccessController.java:391) [?:?]
	at java.security.ProtectionDomain$JavaSecurityAccessImpl.doIntersectionPrivilege(ProtectionDomain.java:85) [?:?]
	at java.awt.EventQueue.dispatchEvent(EventQueue.java:742) [?:?]
	at java.awt.EventDispatchThread.pumpOneEventForFilters(EventDispatchThread.java:203) [?:?]
	at java.awt.EventDispatchThread.pumpEventsForFilter(EventDispatchThread.java:124) [?:?]
	at java.awt.EventDispatchThread.pumpEventsForHierarchy(EventDispatchThread.java:113) [?:?]
	at java.awt.EventDispatchThread.pumpEvents(EventDispatchThread.java:109) [?:?]
	at java.awt.EventDispatchThread.pumpEvents(EventDispatchThread.java:101) [?:?]
	at java.awt.EventDispatchThread.run(EventDispatchThread.java:90) [?:?]
Caused by: java.lang.NullPointerException
	at java.net.URL.<init>(URL.java:608) ~[?:?]
	... 41 more
2020-11-18 21:51:42,215 WARN o.a.j.p.h.c.BasicCurlParser: Unhandled option \
--header
2020-11-18 21:51:42,225 WARN o.a.j.p.h.c.BasicCurlParser: Unhandled option mock-delay: 100ms
2020-11-18 21:51:42,225 WARN o.a.j.p.h.c.BasicCurlParser: Unhandled option \
--header
2020-11-18 21:51:42,225 WARN o.a.j.p.h.c.BasicCurlParser: Unhandled option http-status: not-acceptable2
2020-11-18 21:51:42,225 WARN o.a.j.p.h.c.BasicCurlParser: Unhandled option \
--header
2020-11-18 21:51:42,225 WARN o.a.j.p.h.c.BasicCurlParser: Unhandled option testfolks.delay-time: 1200
2020-11-18 21:51:42,225 INFO o.a.j.p.h.g.a.ParseCurlCommandAction: Parsed CURL command curl --location --request GET 'https://run.mocky.io/v3/23a53aea-a10d-41d6-b7a7-c22d3af8c6f6' \
--header 'mock-delay: 100ms' \
--header 'http-status: not-acceptable2' \
--header 'testfolks.delay-time: 1200' into Request [compressed=false, url=https://run.mocky.io/v3/23a53aea-a10d-41d6-b7a7-c22d3af8c6f6, method=GET, headers={}]
2020-11-18 21:51:42,226 INFO o.a.j.p.h.g.a.ParseCurlCommandAction: No AbstractThreadGroup found, potentially empty plan, creating a new plan
2020-11-18 21:51:42,244 INFO o.a.j.p.h.c.CookieManager: Settings: Delete null: true Check: true Allow variable: true Save: false Prefix: COOKIE_
2020-11-18 21:51:42,257 INFO o.a.j.s.SampleResult: Note: Sample TimeStamps are START times
2020-11-18 21:51:42,257 INFO o.a.j.s.SampleResult: sampleresult.default.encoding is set to ISO-8859-1
2020-11-18 21:51:42,257 INFO o.a.j.s.SampleResult: sampleresult.useNanoTime=true
2020-11-18 21:51:42,257 INFO o.a.j.s.SampleResult: sampleresult.nanoThreadSleep=5000
2020-11-18 21:51:42,402 INFO o.a.j.v.ViewResultsFullVisualizer: Add JavaFX to your Java installation if you want to use renderer: org.apache.jmeter.visualizers.RenderInBrowser
2020-11-18 21:51:58,306 INFO o.a.j.e.StandardJMeterEngine: Running the test!
2020-11-18 21:51:58,307 INFO o.a.j.s.SampleEvent: List of sample_variables: []
2020-11-18 21:51:58,307 INFO o.a.j.s.SampleEvent: List of sample_variables: []
2020-11-18 21:51:58,308 INFO o.a.j.e.u.CompoundVariable: Note: Function class names must contain the string: '.functions.'
2020-11-18 21:51:58,308 INFO o.a.j.e.u.CompoundVariable: Note: Function class names must not contain the string: '.gui.'
2020-11-18 21:51:58,668 INFO o.a.j.g.u.JMeterMenuBar: setRunning(true, *local*)
2020-11-18 21:51:58,700 INFO o.a.j.e.StandardJMeterEngine: Starting ThreadGroup: 1 : Thread Group
2020-11-18 21:51:58,700 INFO o.a.j.e.StandardJMeterEngine: Starting 10 threads for group Thread Group.
2020-11-18 21:51:58,701 INFO o.a.j.e.StandardJMeterEngine: Thread will continue on error
2020-11-18 21:51:58,701 INFO o.a.j.t.ThreadGroup: Starting thread group... number=1 threads=10 ramp-up=30 delayedStart=false
2020-11-18 21:51:58,713 INFO o.a.j.t.ThreadGroup: Started thread group number 1
2020-11-18 21:51:58,713 INFO o.a.j.e.StandardJMeterEngine: All thread groups have been started
2020-11-18 21:52:03,705 INFO o.a.j.t.JMeterThread: Thread started: Thread Group 1-1
2020-11-18 21:52:03,712 INFO o.a.j.p.h.s.HTTPHCAbstractImpl: Local host = Erdems-MBP.cable.rcn.com
2020-11-18 21:52:03,717 INFO o.a.j.p.h.s.HTTPHC4Impl: HTTP request retry count = 0
2020-11-18 21:52:03,799 INFO o.a.j.p.h.s.h.LazyLayeredConnectionSocketFactory: Setting up HTTPS TrustAll Socket Factory
2020-11-18 21:52:03,800 INFO o.a.j.u.JsseSSLManager: Using default SSL protocol: TLS
2020-11-18 21:52:03,800 INFO o.a.j.u.JsseSSLManager: SSL session context: per-thread
2020-11-18 21:52:03,902 INFO o.a.j.u.SSLManager: JmeterKeyStore Location:  type JKS
2020-11-18 21:52:03,903 INFO o.a.j.u.SSLManager: KeyStore created OK
2020-11-18 21:52:03,903 WARN o.a.j.u.SSLManager: Keystore file not found, loading empty keystore
2020-11-18 21:52:06,702 INFO o.a.j.t.JMeterThread: Thread started: Thread Group 1-2
2020-11-18 21:52:09,704 INFO o.a.j.t.JMeterThread: Thread started: Thread Group 1-3
2020-11-18 21:52:12,704 INFO o.a.j.t.JMeterThread: Thread started: Thread Group 1-4
2020-11-18 21:52:15,706 INFO o.a.j.t.JMeterThread: Thread started: Thread Group 1-5
2020-11-18 21:52:18,709 INFO o.a.j.t.JMeterThread: Thread started: Thread Group 1-6
2020-11-18 21:52:21,706 INFO o.a.j.t.JMeterThread: Thread started: Thread Group 1-7
2020-11-18 21:52:24,709 INFO o.a.j.t.JMeterThread: Thread started: Thread Group 1-8
2020-11-18 21:52:27,709 INFO o.a.j.t.JMeterThread: Thread started: Thread Group 1-9
2020-11-18 21:52:30,707 INFO o.a.j.t.JMeterThread: Thread started: Thread Group 1-10
2020-11-18 21:52:47,507 INFO o.a.j.s.FileServer: Set new base='/Users/erdemyilmaz/Desktop/JAVAPROJECTS'
2020-11-18 21:52:47,629 INFO o.a.j.s.SaveService: Testplan (JMX) version: 2.2. Testlog (JTL) version: 2.2
2020-11-18 21:52:47,667 INFO o.a.j.s.SaveService: Using SaveService properties version 5.0
2020-11-18 21:52:47,668 INFO o.a.j.s.SaveService: Using SaveService properties file encoding UTF-8
2020-11-18 21:54:04,999 INFO o.a.j.s.FileServer: Set new base='/Users/erdemyilmaz/Desktop/JAVAPROJECTS/testcurl01'
2020-11-18 22:04:03,043 INFO o.a.j.g.a.Start: Stopping test
2020-11-18 22:04:03,060 INFO o.a.j.t.JMeterThread: Stopping: Thread Group 1-4
2020-11-18 22:04:03,061 WARN o.a.j.t.JMeterThread: Interrupting: Thread Group 1-4 sampler: HTTP Request
2020-11-18 22:04:03,062 INFO o.a.j.t.JMeterThread: Stopping: Thread Group 1-6
2020-11-18 22:04:03,063 WARN o.a.j.t.JMeterThread: Interrupting: Thread Group 1-6 sampler: HTTP Request
2020-11-18 22:04:03,064 INFO o.a.j.t.JMeterThread: Stopping: Thread Group 1-9
2020-11-18 22:04:03,064 WARN o.a.j.t.JMeterThread: Interrupting: Thread Group 1-9 sampler: HTTP Request
2020-11-18 22:04:03,064 INFO o.a.j.t.JMeterThread: Thread finished: Thread Group 1-4
2020-11-18 22:04:03,064 INFO o.a.j.t.JMeterThread: Thread finished: Thread Group 1-6
2020-11-18 22:04:03,067 INFO o.a.j.t.JMeterThread: Stopping: Thread Group 1-5
2020-11-18 22:04:03,067 INFO o.a.j.t.JMeterThread: Thread finished: Thread Group 1-9
2020-11-18 22:04:03,067 WARN o.a.j.t.JMeterThread: Interrupting: Thread Group 1-5 sampler: HTTP Request
2020-11-18 22:04:03,068 INFO o.a.j.t.JMeterThread: Stopping: Thread Group 1-7
2020-11-18 22:04:03,068 WARN o.a.j.t.JMeterThread: Interrupting: Thread Group 1-7 sampler: HTTP Request
2020-11-18 22:04:03,069 INFO o.a.j.t.JMeterThread: Thread finished: Thread Group 1-5
2020-11-18 22:04:03,069 INFO o.a.j.t.JMeterThread: Stopping: Thread Group 1-3
2020-11-18 22:04:03,069 WARN o.a.j.t.JMeterThread: Interrupting: Thread Group 1-3 sampler: HTTP Request
2020-11-18 22:04:03,070 INFO o.a.j.t.JMeterThread: Thread finished: Thread Group 1-7
2020-11-18 22:04:03,071 INFO o.a.j.t.JMeterThread: Stopping: Thread Group 1-8
2020-11-18 22:04:03,071 WARN o.a.j.t.JMeterThread: Interrupting: Thread Group 1-8 sampler: HTTP Request
2020-11-18 22:04:03,071 INFO o.a.j.t.JMeterThread: Thread finished: Thread Group 1-3
2020-11-18 22:04:03,072 INFO o.a.j.t.JMeterThread: Stopping: Thread Group 1-2
2020-11-18 22:04:03,072 WARN o.a.j.t.JMeterThread: Interrupting: Thread Group 1-2 sampler: HTTP Request
2020-11-18 22:04:03,072 INFO o.a.j.t.JMeterThread: Thread finished: Thread Group 1-8
2020-11-18 22:04:03,073 INFO o.a.j.t.JMeterThread: Stopping: Thread Group 1-1
2020-11-18 22:04:03,073 WARN o.a.j.t.JMeterThread: Interrupting: Thread Group 1-1 sampler: HTTP Request
2020-11-18 22:04:03,074 INFO o.a.j.t.JMeterThread: Thread finished: Thread Group 1-2
2020-11-18 22:04:03,074 INFO o.a.j.t.JMeterThread: Stopping: Thread Group 1-10
2020-11-18 22:04:03,074 WARN o.a.j.t.JMeterThread: Interrupting: Thread Group 1-10 sampler: HTTP Request
2020-11-18 22:04:03,075 INFO o.a.j.t.JMeterThread: Thread finished: Thread Group 1-1
2020-11-18 22:04:03,075 INFO o.a.j.t.JMeterThread: Thread finished: Thread Group 1-10
2020-11-18 22:04:03,076 INFO o.a.j.e.StandardJMeterEngine: Notifying test listeners of end of test
2020-11-18 22:04:03,076 INFO o.a.j.g.u.JMeterMenuBar: setRunning(false, *local*)
2020-11-18 22:04:37,140 INFO o.a.j.e.StandardJMeterEngine: Running the test!
2020-11-18 22:04:37,141 INFO o.a.j.s.SampleEvent: List of sample_variables: []
2020-11-18 22:04:37,143 INFO o.a.j.g.u.JMeterMenuBar: setRunning(true, *local*)
2020-11-18 22:04:37,213 INFO o.a.j.e.StandardJMeterEngine: Starting ThreadGroup: 1 : Thread Group
2020-11-18 22:04:37,213 INFO o.a.j.e.StandardJMeterEngine: Starting 10 threads for group Thread Group.
2020-11-18 22:04:37,213 INFO o.a.j.e.StandardJMeterEngine: Thread will continue on error
2020-11-18 22:04:37,214 INFO o.a.j.t.ThreadGroup: Starting thread group... number=1 threads=10 ramp-up=30 delayedStart=false
2020-11-18 22:04:37,218 INFO o.a.j.t.ThreadGroup: Started thread group number 1
2020-11-18 22:04:37,218 INFO o.a.j.e.StandardJMeterEngine: All thread groups have been started
2020-11-18 22:04:42,217 INFO o.a.j.t.JMeterThread: Thread started: Thread Group 1-1
2020-11-18 22:04:44,207 INFO o.a.j.g.a.Start: Stopping test
2020-11-18 22:04:44,232 INFO o.a.j.t.JMeterThread: Stopping: Thread Group 1-3
2020-11-18 22:04:44,233 INFO o.a.j.t.JMeterThread: Stopping: Thread Group 1-6
2020-11-18 22:04:44,233 INFO o.a.j.t.JMeterThread: Stopping: Thread Group 1-2
2020-11-18 22:04:44,233 INFO o.a.j.t.JMeterThread: Thread started: Thread Group 1-3
2020-11-18 22:04:44,233 INFO o.a.j.t.JMeterThread: Stopping: Thread Group 1-8
2020-11-18 22:04:44,233 INFO o.a.j.t.JMeterThread: Thread started: Thread Group 1-6
2020-11-18 22:04:44,234 INFO o.a.j.t.JMeterThread: Stopping: Thread Group 1-1
2020-11-18 22:04:44,234 INFO o.a.j.t.JMeterThread: Thread started: Thread Group 1-2
2020-11-18 22:04:44,234 INFO o.a.j.t.JMeterThread: Thread finished: Thread Group 1-3
2020-11-18 22:04:44,234 WARN o.a.j.t.JMeterThread: Interrupting: Thread Group 1-1 sampler: HTTP Request
2020-11-18 22:04:44,234 INFO o.a.j.t.JMeterThread: Thread finished: Thread Group 1-2
2020-11-18 22:04:44,234 INFO o.a.j.t.JMeterThread: Thread finished: Thread Group 1-6
2020-11-18 22:04:44,234 INFO o.a.j.t.JMeterThread: Thread started: Thread Group 1-8
2020-11-18 22:04:44,235 INFO o.a.j.t.JMeterThread: Thread finished: Thread Group 1-8
2020-11-18 22:04:44,236 INFO o.a.j.t.JMeterThread: Stopping: Thread Group 1-5
2020-11-18 22:04:44,236 INFO o.a.j.t.JMeterThread: Stopping: Thread Group 1-9
2020-11-18 22:04:44,236 INFO o.a.j.t.JMeterThread: Stopping: Thread Group 1-4
2020-11-18 22:04:44,236 INFO o.a.j.t.JMeterThread: Thread started: Thread Group 1-5
2020-11-18 22:04:44,236 INFO o.a.j.t.JMeterThread: Stopping: Thread Group 1-10
2020-11-18 22:04:44,236 INFO o.a.j.t.JMeterThread: Thread finished: Thread Group 1-1
2020-11-18 22:04:44,236 INFO o.a.j.t.JMeterThread: Thread started: Thread Group 1-9
2020-11-18 22:04:44,236 INFO o.a.j.t.JMeterThread: Stopping: Thread Group 1-7
2020-11-18 22:04:44,236 INFO o.a.j.t.JMeterThread: Thread finished: Thread Group 1-5
2020-11-18 22:04:44,236 INFO o.a.j.t.JMeterThread: Thread started: Thread Group 1-4
2020-11-18 22:04:44,237 INFO o.a.j.t.JMeterThread: Thread finished: Thread Group 1-9
2020-11-18 22:04:44,237 INFO o.a.j.t.JMeterThread: Thread finished: Thread Group 1-4
2020-11-18 22:04:44,236 INFO o.a.j.t.JMeterThread: Thread started: Thread Group 1-10
2020-11-18 22:04:44,237 INFO o.a.j.t.JMeterThread: Thread started: Thread Group 1-7
2020-11-18 22:04:44,238 INFO o.a.j.t.JMeterThread: Thread finished: Thread Group 1-10
2020-11-18 22:04:44,238 INFO o.a.j.t.JMeterThread: Thread finished: Thread Group 1-7
2020-11-18 22:04:44,238 INFO o.a.j.e.StandardJMeterEngine: Notifying test listeners of end of test
2020-11-18 22:04:44,239 INFO o.a.j.g.u.JMeterMenuBar: setRunning(false, *local*)
2020-11-18 22:04:47,898 INFO o.a.j.e.StandardJMeterEngine: Running the test!
2020-11-18 22:04:47,899 INFO o.a.j.s.SampleEvent: List of sample_variables: []
2020-11-18 22:04:47,900 INFO o.a.j.g.u.JMeterMenuBar: setRunning(true, *local*)
2020-11-18 22:04:47,972 INFO o.a.j.e.StandardJMeterEngine: Starting ThreadGroup: 1 : Thread Group
2020-11-18 22:04:47,972 INFO o.a.j.e.StandardJMeterEngine: Starting 10 threads for group Thread Group.
2020-11-18 22:04:47,972 INFO o.a.j.e.StandardJMeterEngine: Thread will continue on error
2020-11-18 22:04:47,972 INFO o.a.j.t.ThreadGroup: Starting thread group... number=1 threads=10 ramp-up=30 delayedStart=false
2020-11-18 22:04:47,976 INFO o.a.j.t.ThreadGroup: Started thread group number 1
2020-11-18 22:04:47,976 INFO o.a.j.e.StandardJMeterEngine: All thread groups have been started
2020-11-18 22:04:49,904 INFO o.a.j.g.a.Start: Stopping test
2020-11-18 22:04:49,929 INFO o.a.j.t.JMeterThread: Stopping: Thread Group 1-1
2020-11-18 22:04:49,931 INFO o.a.j.t.JMeterThread: Stopping: Thread Group 1-4
2020-11-18 22:04:49,931 INFO o.a.j.t.JMeterThread: Stopping: Thread Group 1-3
2020-11-18 22:04:49,931 INFO o.a.j.t.JMeterThread: Thread started: Thread Group 1-1
2020-11-18 22:04:49,931 INFO o.a.j.t.JMeterThread: Thread started: Thread Group 1-4
2020-11-18 22:04:49,932 INFO o.a.j.t.JMeterThread: Stopping: Thread Group 1-6
2020-11-18 22:04:49,932 INFO o.a.j.t.JMeterThread: Thread finished: Thread Group 1-1
2020-11-18 22:04:49,932 INFO o.a.j.t.JMeterThread: Thread finished: Thread Group 1-4
2020-11-18 22:04:49,932 INFO o.a.j.t.JMeterThread: Stopping: Thread Group 1-2
2020-11-18 22:04:49,932 INFO o.a.j.t.JMeterThread: Thread started: Thread Group 1-6
2020-11-18 22:04:49,932 INFO o.a.j.t.JMeterThread: Thread started: Thread Group 1-3
2020-11-18 22:04:49,932 INFO o.a.j.t.JMeterThread: Stopping: Thread Group 1-10
2020-11-18 22:04:49,932 INFO o.a.j.t.JMeterThread: Thread started: Thread Group 1-2
2020-11-18 22:04:49,933 INFO o.a.j.t.JMeterThread: Thread finished: Thread Group 1-3
2020-11-18 22:04:49,933 INFO o.a.j.t.JMeterThread: Stopping: Thread Group 1-7
2020-11-18 22:04:49,933 INFO o.a.j.t.JMeterThread: Thread finished: Thread Group 1-2
2020-11-18 22:04:49,933 INFO o.a.j.t.JMeterThread: Thread finished: Thread Group 1-6
2020-11-18 22:04:49,933 INFO o.a.j.t.JMeterThread: Stopping: Thread Group 1-9
2020-11-18 22:04:49,933 INFO o.a.j.t.JMeterThread: Thread started: Thread Group 1-10
2020-11-18 22:04:49,933 INFO o.a.j.t.JMeterThread: Thread started: Thread Group 1-7
2020-11-18 22:04:49,934 INFO o.a.j.t.JMeterThread: Thread finished: Thread Group 1-10
2020-11-18 22:04:49,934 INFO o.a.j.t.JMeterThread: Thread finished: Thread Group 1-7
2020-11-18 22:04:49,933 INFO o.a.j.t.JMeterThread: Stopping: Thread Group 1-8
2020-11-18 22:04:49,934 INFO o.a.j.t.JMeterThread: Stopping: Thread Group 1-5
2020-11-18 22:04:49,934 INFO o.a.j.t.JMeterThread: Thread started: Thread Group 1-9
2020-11-18 22:04:49,935 INFO o.a.j.t.JMeterThread: Thread finished: Thread Group 1-9
2020-11-18 22:04:49,934 INFO o.a.j.t.JMeterThread: Thread started: Thread Group 1-8
2020-11-18 22:04:49,935 INFO o.a.j.t.JMeterThread: Thread started: Thread Group 1-5
2020-11-18 22:04:49,935 INFO o.a.j.t.JMeterThread: Thread finished: Thread Group 1-8
2020-11-18 22:04:49,935 INFO o.a.j.t.JMeterThread: Thread finished: Thread Group 1-5
2020-11-18 22:04:49,943 INFO o.a.j.e.StandardJMeterEngine: Notifying test listeners of end of test
2020-11-18 22:04:49,943 INFO o.a.j.g.u.JMeterMenuBar: setRunning(false, *local*)
2020-11-18 22:04:59,562 INFO o.a.j.e.StandardJMeterEngine: Running the test!
2020-11-18 22:04:59,563 INFO o.a.j.s.SampleEvent: List of sample_variables: []
2020-11-18 22:04:59,564 INFO o.a.j.g.u.JMeterMenuBar: setRunning(true, *local*)
2020-11-18 22:04:59,620 INFO o.a.j.e.StandardJMeterEngine: Starting ThreadGroup: 1 : Thread Group
2020-11-18 22:04:59,620 INFO o.a.j.e.StandardJMeterEngine: Starting 10 threads for group Thread Group.
2020-11-18 22:04:59,620 INFO o.a.j.e.StandardJMeterEngine: Thread will continue on error
2020-11-18 22:04:59,620 INFO o.a.j.t.ThreadGroup: Starting thread group... number=1 threads=10 ramp-up=30 delayedStart=false
2020-11-18 22:04:59,624 INFO o.a.j.t.ThreadGroup: Started thread group number 1
2020-11-18 22:04:59,624 INFO o.a.j.e.StandardJMeterEngine: All thread groups have been started
2020-11-18 22:05:04,624 INFO o.a.j.t.JMeterThread: Thread started: Thread Group 1-1
2020-11-18 22:05:07,627 INFO o.a.j.t.JMeterThread: Thread started: Thread Group 1-2
2020-11-18 22:05:10,627 INFO o.a.j.t.JMeterThread: Thread started: Thread Group 1-3
2020-11-18 22:05:13,626 INFO o.a.j.t.JMeterThread: Thread started: Thread Group 1-4
2020-11-18 22:05:16,626 INFO o.a.j.t.JMeterThread: Thread started: Thread Group 1-5
2020-11-18 22:05:19,626 INFO o.a.j.t.JMeterThread: Thread started: Thread Group 1-6
2020-11-18 22:05:22,623 INFO o.a.j.t.JMeterThread: Thread started: Thread Group 1-7
2020-11-18 22:05:25,623 INFO o.a.j.t.JMeterThread: Thread started: Thread Group 1-8
2020-11-18 22:05:28,623 INFO o.a.j.t.JMeterThread: Thread started: Thread Group 1-9
2020-11-18 22:05:31,622 INFO o.a.j.t.JMeterThread: Thread started: Thread Group 1-10
2020-11-18 22:05:47,458 INFO o.a.j.g.a.Start: Stopping test
2020-11-18 22:05:47,485 INFO o.a.j.t.JMeterThread: Stopping: Thread Group 1-7
2020-11-18 22:05:47,486 WARN o.a.j.t.JMeterThread: Interrupting: Thread Group 1-7 sampler: HTTP Request
2020-11-18 22:05:47,488 INFO o.a.j.t.JMeterThread: Stopping: Thread Group 1-8
2020-11-18 22:05:47,488 WARN o.a.j.t.JMeterThread: Interrupting: Thread Group 1-8 sampler: HTTP Request
2020-11-18 22:05:47,489 INFO o.a.j.t.JMeterThread: Thread finished: Thread Group 1-7
2020-11-18 22:05:47,490 INFO o.a.j.t.JMeterThread: Stopping: Thread Group 1-2
2020-11-18 22:05:47,490 WARN o.a.j.t.JMeterThread: Interrupting: Thread Group 1-2 sampler: HTTP Request
2020-11-18 22:05:47,490 INFO o.a.j.t.JMeterThread: Thread finished: Thread Group 1-8
2020-11-18 22:05:47,501 INFO o.a.j.t.JMeterThread: Stopping: Thread Group 1-9
2020-11-18 22:05:47,501 INFO o.a.j.t.JMeterThread: Thread finished: Thread Group 1-2
2020-11-18 22:05:47,502 WARN o.a.j.t.JMeterThread: Interrupting: Thread Group 1-9 sampler: HTTP Request
2020-11-18 22:05:47,503 INFO o.a.j.t.JMeterThread: Stopping: Thread Group 1-3
2020-11-18 22:05:47,503 WARN o.a.j.t.JMeterThread: Interrupting: Thread Group 1-3 sampler: HTTP Request
2020-11-18 22:05:47,504 INFO o.a.j.t.JMeterThread: Thread finished: Thread Group 1-9
2020-11-18 22:05:47,515 INFO o.a.j.t.JMeterThread: Stopping: Thread Group 1-6
2020-11-18 22:05:47,515 WARN o.a.j.t.JMeterThread: Interrupting: Thread Group 1-6 sampler: HTTP Request
2020-11-18 22:05:47,515 INFO o.a.j.t.JMeterThread: Thread finished: Thread Group 1-3
2020-11-18 22:05:47,536 INFO o.a.j.t.JMeterThread: Stopping: Thread Group 1-1
2020-11-18 22:05:47,537 INFO o.a.j.t.JMeterThread: Thread finished: Thread Group 1-6
2020-11-18 22:05:47,537 WARN o.a.j.t.JMeterThread: Interrupting: Thread Group 1-1 sampler: HTTP Request
2020-11-18 22:05:47,539 INFO o.a.j.t.JMeterThread: Stopping: Thread Group 1-10
2020-11-18 22:05:47,539 WARN o.a.j.t.JMeterThread: Interrupting: Thread Group 1-10 sampler: HTTP Request
2020-11-18 22:05:47,539 INFO o.a.j.t.JMeterThread: Thread finished: Thread Group 1-1
2020-11-18 22:05:47,552 INFO o.a.j.t.JMeterThread: Stopping: Thread Group 1-4
2020-11-18 22:05:47,552 WARN o.a.j.t.JMeterThread: Interrupting: Thread Group 1-4 sampler: HTTP Request
2020-11-18 22:05:47,553 INFO o.a.j.t.JMeterThread: Thread finished: Thread Group 1-10
2020-11-18 22:05:47,564 INFO o.a.j.t.JMeterThread: Stopping: Thread Group 1-5
2020-11-18 22:05:47,564 INFO o.a.j.t.JMeterThread: Thread finished: Thread Group 1-4
2020-11-18 22:05:47,564 WARN o.a.j.t.JMeterThread: Interrupting: Thread Group 1-5 sampler: HTTP Request
2020-11-18 22:05:47,567 INFO o.a.j.t.JMeterThread: Thread finished: Thread Group 1-5
2020-11-18 22:05:47,567 INFO o.a.j.e.StandardJMeterEngine: Notifying test listeners of end of test
2020-11-18 22:05:47,568 INFO o.a.j.g.u.JMeterMenuBar: setRunning(false, *local*)
2020-11-18 22:06:33,540 INFO o.a.j.e.StandardJMeterEngine: Running the test!
2020-11-18 22:06:33,541 INFO o.a.j.s.SampleEvent: List of sample_variables: []
2020-11-18 22:06:33,541 INFO o.a.j.g.u.JMeterMenuBar: setRunning(true, *local*)
2020-11-18 22:06:33,591 INFO o.a.j.e.StandardJMeterEngine: Starting ThreadGroup: 1 : Thread Group
2020-11-18 22:06:33,592 INFO o.a.j.e.StandardJMeterEngine: Starting 20 threads for group Thread Group.
2020-11-18 22:06:33,592 INFO o.a.j.e.StandardJMeterEngine: Thread will continue on error
2020-11-18 22:06:33,592 INFO o.a.j.t.ThreadGroup: Starting thread group... number=1 threads=20 ramp-up=30 delayedStart=false
2020-11-18 22:06:33,596 INFO o.a.j.t.ThreadGroup: Started thread group number 1
2020-11-18 22:06:33,596 INFO o.a.j.e.StandardJMeterEngine: All thread groups have been started
2020-11-18 22:06:38,595 INFO o.a.j.t.JMeterThread: Thread started: Thread Group 1-1
2020-11-18 22:06:40,095 INFO o.a.j.t.JMeterThread: Thread started: Thread Group 1-2
2020-11-18 22:06:41,594 INFO o.a.j.t.JMeterThread: Thread started: Thread Group 1-3
2020-11-18 22:06:43,093 INFO o.a.j.t.JMeterThread: Thread started: Thread Group 1-4
2020-11-18 22:06:44,593 INFO o.a.j.t.JMeterThread: Thread started: Thread Group 1-5
2020-11-18 22:06:46,094 INFO o.a.j.t.JMeterThread: Thread started: Thread Group 1-6
2020-11-18 22:06:47,593 INFO o.a.j.t.JMeterThread: Thread started: Thread Group 1-7
2020-11-18 22:06:49,094 INFO o.a.j.t.JMeterThread: Thread started: Thread Group 1-8
2020-11-18 22:06:50,592 INFO o.a.j.t.JMeterThread: Thread started: Thread Group 1-9
2020-11-18 22:06:52,092 INFO o.a.j.t.JMeterThread: Thread started: Thread Group 1-10
2020-11-18 22:06:53,592 INFO o.a.j.t.JMeterThread: Thread started: Thread Group 1-11
2020-11-18 22:06:55,094 INFO o.a.j.t.JMeterThread: Thread started: Thread Group 1-12
2020-11-18 22:06:56,594 INFO o.a.j.t.JMeterThread: Thread started: Thread Group 1-13
2020-11-18 22:06:58,093 INFO o.a.j.t.JMeterThread: Thread started: Thread Group 1-14
2020-11-18 22:06:59,594 INFO o.a.j.t.JMeterThread: Thread started: Thread Group 1-15
2020-11-18 22:07:01,095 INFO o.a.j.t.JMeterThread: Thread started: Thread Group 1-16
2020-11-18 22:07:02,594 INFO o.a.j.t.JMeterThread: Thread started: Thread Group 1-17
2020-11-18 22:07:04,094 INFO o.a.j.t.JMeterThread: Thread started: Thread Group 1-18
2020-11-18 22:07:05,597 INFO o.a.j.t.JMeterThread: Thread started: Thread Group 1-19
2020-11-18 22:07:07,094 INFO o.a.j.t.JMeterThread: Thread started: Thread Group 1-20
2020-11-18 22:07:19,057 INFO o.a.j.g.a.Start: Stopping test
2020-11-18 22:07:19,077 INFO o.a.j.t.JMeterThread: Stopping: Thread Group 1-11
2020-11-18 22:07:19,078 WARN o.a.j.t.JMeterThread: Interrupting: Thread Group 1-11 sampler: HTTP Request
2020-11-18 22:07:19,079 INFO o.a.j.t.JMeterThread: Stopping: Thread Group 1-13
2020-11-18 22:07:19,079 WARN o.a.j.t.JMeterThread: Interrupting: Thread Group 1-13 sampler: HTTP Request
2020-11-18 22:07:19,080 INFO o.a.j.t.JMeterThread: Thread finished: Thread Group 1-11
2020-11-18 22:07:19,081 INFO o.a.j.t.JMeterThread: Stopping: Thread Group 1-3
2020-11-18 22:07:19,081 WARN o.a.j.t.JMeterThread: Interrupting: Thread Group 1-3 sampler: HTTP Request
2020-11-18 22:07:19,081 INFO o.a.j.t.JMeterThread: Thread finished: Thread Group 1-13
2020-11-18 22:07:19,084 INFO o.a.j.t.JMeterThread: Stopping: Thread Group 1-20
2020-11-18 22:07:19,085 WARN o.a.j.t.JMeterThread: Interrupting: Thread Group 1-20 sampler: HTTP Request
2020-11-18 22:07:19,085 INFO o.a.j.t.JMeterThread: Thread finished: Thread Group 1-3
2020-11-18 22:07:19,086 INFO o.a.j.t.JMeterThread: Stopping: Thread Group 1-19
2020-11-18 22:07:19,086 WARN o.a.j.t.JMeterThread: Interrupting: Thread Group 1-19 sampler: HTTP Request
2020-11-18 22:07:19,086 INFO o.a.j.t.JMeterThread: Thread finished: Thread Group 1-20
2020-11-18 22:07:19,087 INFO o.a.j.t.JMeterThread: Stopping: Thread Group 1-7
2020-11-18 22:07:19,087 WARN o.a.j.t.JMeterThread: Interrupting: Thread Group 1-7 sampler: HTTP Request
2020-11-18 22:07:19,087 INFO o.a.j.t.JMeterThread: Thread finished: Thread Group 1-19
2020-11-18 22:07:19,087 INFO o.a.j.t.JMeterThread: Stopping: Thread Group 1-14
2020-11-18 22:07:19,088 WARN o.a.j.t.JMeterThread: Interrupting: Thread Group 1-14 sampler: HTTP Request
2020-11-18 22:07:19,088 INFO o.a.j.t.JMeterThread: Thread finished: Thread Group 1-7
2020-11-18 22:07:19,088 INFO o.a.j.t.JMeterThread: Stopping: Thread Group 1-6
2020-11-18 22:07:19,089 WARN o.a.j.t.JMeterThread: Interrupting: Thread Group 1-6 sampler: HTTP Request
2020-11-18 22:07:19,089 INFO o.a.j.t.JMeterThread: Thread finished: Thread Group 1-14
2020-11-18 22:07:19,090 INFO o.a.j.t.JMeterThread: Stopping: Thread Group 1-1
2020-11-18 22:07:19,090 INFO o.a.j.t.JMeterThread: Thread finished: Thread Group 1-6
2020-11-18 22:07:19,090 WARN o.a.j.t.JMeterThread: Interrupting: Thread Group 1-1 sampler: HTTP Request
2020-11-18 22:07:19,093 INFO o.a.j.t.JMeterThread: Thread finished: Thread Group 1-1
2020-11-18 22:07:19,095 INFO o.a.j.t.JMeterThread: Stopping: Thread Group 1-16
2020-11-18 22:07:19,096 WARN o.a.j.t.JMeterThread: Interrupting: Thread Group 1-16 sampler: HTTP Request
2020-11-18 22:07:19,099 INFO o.a.j.t.JMeterThread: Stopping: Thread Group 1-15
2020-11-18 22:07:19,099 INFO o.a.j.t.JMeterThread: Thread finished: Thread Group 1-16
2020-11-18 22:07:19,099 WARN o.a.j.t.JMeterThread: Interrupting: Thread Group 1-15 sampler: HTTP Request
2020-11-18 22:07:19,100 INFO o.a.j.t.JMeterThread: Stopping: Thread Group 1-8
2020-11-18 22:07:19,100 INFO o.a.j.t.JMeterThread: Thread finished: Thread Group 1-15
2020-11-18 22:07:19,100 WARN o.a.j.t.JMeterThread: Interrupting: Thread Group 1-8 sampler: HTTP Request
2020-11-18 22:07:19,101 INFO o.a.j.t.JMeterThread: Stopping: Thread Group 1-4
2020-11-18 22:07:19,102 WARN o.a.j.t.JMeterThread: Interrupting: Thread Group 1-4 sampler: HTTP Request
2020-11-18 22:07:19,102 INFO o.a.j.t.JMeterThread: Thread finished: Thread Group 1-8
2020-11-18 22:07:19,103 INFO o.a.j.t.JMeterThread: Stopping: Thread Group 1-9
2020-11-18 22:07:19,103 INFO o.a.j.t.JMeterThread: Thread finished: Thread Group 1-4
2020-11-18 22:07:19,103 WARN o.a.j.t.JMeterThread: Interrupting: Thread Group 1-9 sampler: HTTP Request
2020-11-18 22:07:19,105 INFO o.a.j.t.JMeterThread: Thread finished: Thread Group 1-9
2020-11-18 22:07:19,105 INFO o.a.j.t.JMeterThread: Stopping: Thread Group 1-10
2020-11-18 22:07:19,105 WARN o.a.j.t.JMeterThread: Interrupting: Thread Group 1-10 sampler: HTTP Request
2020-11-18 22:07:19,108 INFO o.a.j.t.JMeterThread: Stopping: Thread Group 1-5
2020-11-18 22:07:19,108 WARN o.a.j.t.JMeterThread: Interrupting: Thread Group 1-5 sampler: HTTP Request
2020-11-18 22:07:19,108 INFO o.a.j.t.JMeterThread: Thread finished: Thread Group 1-10
2020-11-18 22:07:19,111 INFO o.a.j.t.JMeterThread: Thread finished: Thread Group 1-5
2020-11-18 22:07:19,111 INFO o.a.j.t.JMeterThread: Stopping: Thread Group 1-18
2020-11-18 22:07:19,111 WARN o.a.j.t.JMeterThread: Interrupting: Thread Group 1-18 sampler: HTTP Request
2020-11-18 22:07:19,112 INFO o.a.j.t.JMeterThread: Stopping: Thread Group 1-17
2020-11-18 22:07:19,112 WARN o.a.j.t.JMeterThread: Interrupting: Thread Group 1-17 sampler: HTTP Request
2020-11-18 22:07:19,112 INFO o.a.j.t.JMeterThread: Thread finished: Thread Group 1-18
2020-11-18 22:07:19,116 INFO o.a.j.t.JMeterThread: Stopping: Thread Group 1-2
2020-11-18 22:07:19,116 INFO o.a.j.t.JMeterThread: Thread finished: Thread Group 1-17
2020-11-18 22:07:19,117 WARN o.a.j.t.JMeterThread: Interrupting: Thread Group 1-2 sampler: HTTP Request
2020-11-18 22:07:19,119 INFO o.a.j.t.JMeterThread: Stopping: Thread Group 1-12
2020-11-18 22:07:19,119 INFO o.a.j.t.JMeterThread: Thread finished: Thread Group 1-2
2020-11-18 22:07:19,119 WARN o.a.j.t.JMeterThread: Interrupting: Thread Group 1-12 sampler: HTTP Request
2020-11-18 22:07:19,131 INFO o.a.j.t.JMeterThread: Thread finished: Thread Group 1-12
2020-11-18 22:07:19,131 INFO o.a.j.e.StandardJMeterEngine: Notifying test listeners of end of test
2020-11-18 22:07:19,131 INFO o.a.j.g.u.JMeterMenuBar: setRunning(false, *local*)
2020-11-18 22:08:08,837 INFO o.a.j.e.StandardJMeterEngine: Running the test!
2020-11-18 22:08:08,837 INFO o.a.j.s.SampleEvent: List of sample_variables: []
2020-11-18 22:08:08,838 INFO o.a.j.g.u.JMeterMenuBar: setRunning(true, *local*)
2020-11-18 22:08:08,896 INFO o.a.j.e.StandardJMeterEngine: Starting ThreadGroup: 1 : Thread Group
2020-11-18 22:08:08,897 INFO o.a.j.e.StandardJMeterEngine: Starting 50 threads for group Thread Group.
2020-11-18 22:08:08,897 INFO o.a.j.e.StandardJMeterEngine: Thread will continue on error
2020-11-18 22:08:08,897 INFO o.a.j.t.ThreadGroup: Starting thread group... number=1 threads=50 ramp-up=30 delayedStart=false
2020-11-18 22:08:08,908 INFO o.a.j.t.ThreadGroup: Started thread group number 1
2020-11-18 22:08:08,908 INFO o.a.j.e.StandardJMeterEngine: All thread groups have been started
2020-11-18 22:08:13,902 INFO o.a.j.t.JMeterThread: Thread started: Thread Group 1-1
2020-11-18 22:08:13,960 INFO o.a.j.g.a.Start: Stopping test
2020-11-18 22:08:13,974 INFO o.a.j.t.JMeterThread: Stopping: Thread Group 1-10
2020-11-18 22:08:13,975 INFO o.a.j.t.JMeterThread: Stopping: Thread Group 1-7
2020-11-18 22:08:13,975 INFO o.a.j.t.JMeterThread: Stopping: Thread Group 1-13
2020-11-18 22:08:13,975 INFO o.a.j.t.JMeterThread: Thread started: Thread Group 1-10
2020-11-18 22:08:13,975 INFO o.a.j.t.JMeterThread: Stopping: Thread Group 1-22
2020-11-18 22:08:13,975 INFO o.a.j.t.JMeterThread: Thread started: Thread Group 1-7
2020-11-18 22:08:13,975 INFO o.a.j.t.JMeterThread: Stopping: Thread Group 1-30
2020-11-18 22:08:13,975 INFO o.a.j.t.JMeterThread: Thread finished: Thread Group 1-10
2020-11-18 22:08:13,975 INFO o.a.j.t.JMeterThread: Thread started: Thread Group 1-13
2020-11-18 22:08:13,975 INFO o.a.j.t.JMeterThread: Thread finished: Thread Group 1-7
2020-11-18 22:08:13,975 INFO o.a.j.t.JMeterThread: Thread started: Thread Group 1-22
2020-11-18 22:08:13,975 INFO o.a.j.t.JMeterThread: Stopping: Thread Group 1-2
2020-11-18 22:08:13,975 INFO o.a.j.t.JMeterThread: Thread started: Thread Group 1-30
2020-11-18 22:08:13,976 INFO o.a.j.t.JMeterThread: Stopping: Thread Group 1-6
2020-11-18 22:08:13,976 INFO o.a.j.t.JMeterThread: Stopping: Thread Group 1-47
2020-11-18 22:08:13,976 INFO o.a.j.t.JMeterThread: Thread finished: Thread Group 1-22
2020-11-18 22:08:13,976 INFO o.a.j.t.JMeterThread: Thread finished: Thread Group 1-13
2020-11-18 22:08:13,976 INFO o.a.j.t.JMeterThread: Stopping: Thread Group 1-4
2020-11-18 22:08:13,976 INFO o.a.j.t.JMeterThread: Thread finished: Thread Group 1-30
2020-11-18 22:08:13,976 INFO o.a.j.t.JMeterThread: Thread started: Thread Group 1-2
2020-11-18 22:08:13,976 INFO o.a.j.t.JMeterThread: Stopping: Thread Group 1-38
2020-11-18 22:08:13,976 INFO o.a.j.t.JMeterThread: Thread started: Thread Group 1-6
2020-11-18 22:08:13,976 INFO o.a.j.t.JMeterThread: Thread started: Thread Group 1-47
2020-11-18 22:08:13,976 INFO o.a.j.t.JMeterThread: Thread started: Thread Group 1-4
2020-11-18 22:08:13,976 INFO o.a.j.t.JMeterThread: Thread finished: Thread Group 1-47
2020-11-18 22:08:13,977 INFO o.a.j.t.JMeterThread: Thread finished: Thread Group 1-6
2020-11-18 22:08:13,976 INFO o.a.j.t.JMeterThread: Thread started: Thread Group 1-38
2020-11-18 22:08:13,976 INFO o.a.j.t.JMeterThread: Thread finished: Thread Group 1-2
2020-11-18 22:08:13,976 INFO o.a.j.t.JMeterThread: Stopping: Thread Group 1-16
2020-11-18 22:08:13,977 INFO o.a.j.t.JMeterThread: Thread finished: Thread Group 1-38
2020-11-18 22:08:13,977 INFO o.a.j.t.JMeterThread: Thread finished: Thread Group 1-4
2020-11-18 22:08:13,977 INFO o.a.j.t.JMeterThread: Stopping: Thread Group 1-35
2020-11-18 22:08:13,977 INFO o.a.j.t.JMeterThread: Stopping: Thread Group 1-40
2020-11-18 22:08:13,977 INFO o.a.j.t.JMeterThread: Stopping: Thread Group 1-36
2020-11-18 22:08:13,977 INFO o.a.j.t.JMeterThread: Thread started: Thread Group 1-16
2020-11-18 22:08:13,977 INFO o.a.j.t.JMeterThread: Stopping: Thread Group 1-26
2020-11-18 22:08:13,977 INFO o.a.j.t.JMeterThread: Thread finished: Thread Group 1-16
2020-11-18 22:08:13,977 INFO o.a.j.t.JMeterThread: Thread started: Thread Group 1-35
2020-11-18 22:08:13,977 INFO o.a.j.t.JMeterThread: Stopping: Thread Group 1-5
2020-11-18 22:08:13,977 INFO o.a.j.t.JMeterThread: Stopping: Thread Group 1-20
2020-11-18 22:08:13,977 INFO o.a.j.t.JMeterThread: Thread finished: Thread Group 1-35
2020-11-18 22:08:13,977 INFO o.a.j.t.JMeterThread: Stopping: Thread Group 1-31
2020-11-18 22:08:13,977 INFO o.a.j.t.JMeterThread: Thread started: Thread Group 1-40
2020-11-18 22:08:13,977 INFO o.a.j.t.JMeterThread: Thread started: Thread Group 1-26
2020-11-18 22:08:13,977 INFO o.a.j.t.JMeterThread: Thread started: Thread Group 1-36
2020-11-18 22:08:13,977 INFO o.a.j.t.JMeterThread: Thread started: Thread Group 1-5
2020-11-18 22:08:13,978 INFO o.a.j.t.JMeterThread: Thread finished: Thread Group 1-40
2020-11-18 22:08:13,978 INFO o.a.j.t.JMeterThread: Thread started: Thread Group 1-31
2020-11-18 22:08:13,977 INFO o.a.j.t.JMeterThread: Stopping: Thread Group 1-29
2020-11-18 22:08:13,978 INFO o.a.j.t.JMeterThread: Thread started: Thread Group 1-20
2020-11-18 22:08:13,978 INFO o.a.j.t.JMeterThread: Stopping: Thread Group 1-11
2020-11-18 22:08:13,978 INFO o.a.j.t.JMeterThread: Thread finished: Thread Group 1-36
2020-11-18 22:08:13,978 INFO o.a.j.t.JMeterThread: Thread finished: Thread Group 1-20
2020-11-18 22:08:13,978 INFO o.a.j.t.JMeterThread: Thread finished: Thread Group 1-26
2020-11-18 22:08:13,978 INFO o.a.j.t.JMeterThread: Thread finished: Thread Group 1-5
2020-11-18 22:08:13,978 INFO o.a.j.t.JMeterThread: Stopping: Thread Group 1-23
2020-11-18 22:08:13,978 INFO o.a.j.t.JMeterThread: Stopping: Thread Group 1-28
2020-11-18 22:08:13,978 INFO o.a.j.t.JMeterThread: Thread finished: Thread Group 1-31
2020-11-18 22:08:13,978 INFO o.a.j.t.JMeterThread: Thread started: Thread Group 1-29
2020-11-18 22:08:13,978 INFO o.a.j.t.JMeterThread: Stopping: Thread Group 1-39
2020-11-18 22:08:13,979 INFO o.a.j.t.JMeterThread: Thread started: Thread Group 1-28
2020-11-18 22:08:13,979 INFO o.a.j.t.JMeterThread: Thread started: Thread Group 1-23
2020-11-18 22:08:13,978 INFO o.a.j.t.JMeterThread: Thread started: Thread Group 1-11
2020-11-18 22:08:13,980 INFO o.a.j.t.JMeterThread: Stopping: Thread Group 1-44
2020-11-18 22:08:13,980 INFO o.a.j.t.JMeterThread: Thread started: Thread Group 1-39
2020-11-18 22:08:13,980 INFO o.a.j.t.JMeterThread: Thread finished: Thread Group 1-11
2020-11-18 22:08:13,980 INFO o.a.j.t.JMeterThread: Stopping: Thread Group 1-24
2020-11-18 22:08:13,980 INFO o.a.j.t.JMeterThread: Thread finished: Thread Group 1-28
2020-11-18 22:08:13,980 INFO o.a.j.t.JMeterThread: Thread finished: Thread Group 1-23
2020-11-18 22:08:13,980 INFO o.a.j.t.JMeterThread: Stopping: Thread Group 1-45
2020-11-18 22:08:13,980 INFO o.a.j.t.JMeterThread: Thread finished: Thread Group 1-39
2020-11-18 22:08:13,980 INFO o.a.j.t.JMeterThread: Stopping: Thread Group 1-8
2020-11-18 22:08:13,980 INFO o.a.j.t.JMeterThread: Thread finished: Thread Group 1-29
2020-11-18 22:08:13,980 INFO o.a.j.t.JMeterThread: Thread started: Thread Group 1-44
2020-11-18 22:08:13,980 INFO o.a.j.t.JMeterThread: Thread started: Thread Group 1-24
2020-11-18 22:08:13,980 INFO o.a.j.t.JMeterThread: Stopping: Thread Group 1-46
2020-11-18 22:08:13,980 INFO o.a.j.t.JMeterThread: Thread started: Thread Group 1-45
2020-11-18 22:08:13,980 INFO o.a.j.t.JMeterThread: Thread finished: Thread Group 1-44
2020-11-18 22:08:13,980 INFO o.a.j.t.JMeterThread: Thread finished: Thread Group 1-45
2020-11-18 22:08:13,980 INFO o.a.j.t.JMeterThread: Thread started: Thread Group 1-8
2020-11-18 22:08:13,980 INFO o.a.j.t.JMeterThread: Stopping: Thread Group 1-33
2020-11-18 22:08:13,980 INFO o.a.j.t.JMeterThread: Thread started: Thread Group 1-46
2020-11-18 22:08:13,981 INFO o.a.j.t.JMeterThread: Stopping: Thread Group 1-43
2020-11-18 22:08:13,981 INFO o.a.j.t.JMeterThread: Thread finished: Thread Group 1-8
2020-11-18 22:08:13,981 INFO o.a.j.t.JMeterThread: Stopping: Thread Group 1-17
2020-11-18 22:08:13,981 INFO o.a.j.t.JMeterThread: Thread started: Thread Group 1-33
2020-11-18 22:08:13,981 INFO o.a.j.t.JMeterThread: Thread started: Thread Group 1-43
2020-11-18 22:08:13,981 INFO o.a.j.t.JMeterThread: Thread finished: Thread Group 1-46
2020-11-18 22:08:13,981 INFO o.a.j.t.JMeterThread: Thread finished: Thread Group 1-33
2020-11-18 22:08:13,981 INFO o.a.j.t.JMeterThread: Thread finished: Thread Group 1-24
2020-11-18 22:08:13,981 INFO o.a.j.t.JMeterThread: Thread started: Thread Group 1-17
2020-11-18 22:08:13,981 INFO o.a.j.t.JMeterThread: Thread finished: Thread Group 1-43
2020-11-18 22:08:13,981 INFO o.a.j.t.JMeterThread: Stopping: Thread Group 1-19
2020-11-18 22:08:13,982 INFO o.a.j.t.JMeterThread: Thread finished: Thread Group 1-17
2020-11-18 22:08:13,982 INFO o.a.j.t.JMeterThread: Stopping: Thread Group 1-34
2020-11-18 22:08:13,982 INFO o.a.j.t.JMeterThread: Stopping: Thread Group 1-14
2020-11-18 22:08:13,982 INFO o.a.j.t.JMeterThread: Stopping: Thread Group 1-9
2020-11-18 22:08:13,982 INFO o.a.j.t.JMeterThread: Thread started: Thread Group 1-19
2020-11-18 22:08:13,982 INFO o.a.j.t.JMeterThread: Stopping: Thread Group 1-1
2020-11-18 22:08:13,982 INFO o.a.j.t.JMeterThread: Thread started: Thread Group 1-14
2020-11-18 22:08:13,982 INFO o.a.j.t.JMeterThread: Thread started: Thread Group 1-34
2020-11-18 22:08:13,982 INFO o.a.j.t.JMeterThread: Thread started: Thread Group 1-9
2020-11-18 22:08:13,982 WARN o.a.j.t.JMeterThread: Interrupting: Thread Group 1-1 sampler: HTTP Request
2020-11-18 22:08:13,982 INFO o.a.j.t.JMeterThread: Thread finished: Thread Group 1-14
2020-11-18 22:08:13,982 INFO o.a.j.t.JMeterThread: Thread finished: Thread Group 1-19
2020-11-18 22:08:13,982 INFO o.a.j.t.JMeterThread: Thread finished: Thread Group 1-34
2020-11-18 22:08:13,982 INFO o.a.j.t.JMeterThread: Thread finished: Thread Group 1-9
2020-11-18 22:08:13,983 INFO o.a.j.t.JMeterThread: Stopping: Thread Group 1-21
2020-11-18 22:08:13,983 INFO o.a.j.t.JMeterThread: Stopping: Thread Group 1-37
2020-11-18 22:08:13,983 INFO o.a.j.t.JMeterThread: Stopping: Thread Group 1-27
2020-11-18 22:08:13,983 INFO o.a.j.t.JMeterThread: Stopping: Thread Group 1-3
2020-11-18 22:08:13,983 INFO o.a.j.t.JMeterThread: Thread started: Thread Group 1-21
2020-11-18 22:08:13,983 INFO o.a.j.t.JMeterThread: Stopping: Thread Group 1-18
2020-11-18 22:08:13,983 INFO o.a.j.t.JMeterThread: Thread started: Thread Group 1-37
2020-11-18 22:08:13,984 INFO o.a.j.t.JMeterThread: Stopping: Thread Group 1-48
2020-11-18 22:08:13,984 INFO o.a.j.t.JMeterThread: Thread finished: Thread Group 1-21
2020-11-18 22:08:13,984 INFO o.a.j.t.JMeterThread: Thread finished: Thread Group 1-37
2020-11-18 22:08:13,984 INFO o.a.j.t.JMeterThread: Thread started: Thread Group 1-27
2020-11-18 22:08:13,984 INFO o.a.j.t.JMeterThread: Thread finished: Thread Group 1-27
2020-11-18 22:08:13,984 INFO o.a.j.t.JMeterThread: Thread started: Thread Group 1-18
2020-11-18 22:08:13,984 INFO o.a.j.t.JMeterThread: Thread started: Thread Group 1-48
2020-11-18 22:08:13,984 INFO o.a.j.t.JMeterThread: Thread finished: Thread Group 1-18
2020-11-18 22:08:13,984 INFO o.a.j.t.JMeterThread: Thread finished: Thread Group 1-1
2020-11-18 22:08:13,984 INFO o.a.j.t.JMeterThread: Stopping: Thread Group 1-50
2020-11-18 22:08:13,984 INFO o.a.j.t.JMeterThread: Stopping: Thread Group 1-42
2020-11-18 22:08:13,984 INFO o.a.j.t.JMeterThread: Stopping: Thread Group 1-25
2020-11-18 22:08:13,984 INFO o.a.j.t.JMeterThread: Stopping: Thread Group 1-49
2020-11-18 22:08:13,984 INFO o.a.j.t.JMeterThread: Thread finished: Thread Group 1-48
2020-11-18 22:08:13,984 INFO o.a.j.t.JMeterThread: Thread started: Thread Group 1-3
2020-11-18 22:08:13,984 INFO o.a.j.t.JMeterThread: Stopping: Thread Group 1-41
2020-11-18 22:08:13,985 INFO o.a.j.t.JMeterThread: Stopping: Thread Group 1-12
2020-11-18 22:08:13,985 INFO o.a.j.t.JMeterThread: Stopping: Thread Group 1-15
2020-11-18 22:08:13,985 INFO o.a.j.t.JMeterThread: Stopping: Thread Group 1-32
2020-11-18 22:08:13,985 INFO o.a.j.t.JMeterThread: Thread started: Thread Group 1-49
2020-11-18 22:08:13,985 INFO o.a.j.t.JMeterThread: Thread started: Thread Group 1-12
2020-11-18 22:08:13,985 INFO o.a.j.t.JMeterThread: Thread started: Thread Group 1-41
2020-11-18 22:08:13,985 INFO o.a.j.t.JMeterThread: Thread started: Thread Group 1-42
2020-11-18 22:08:13,985 INFO o.a.j.t.JMeterThread: Thread started: Thread Group 1-25
2020-11-18 22:08:13,985 INFO o.a.j.t.JMeterThread: Thread started: Thread Group 1-50
2020-11-18 22:08:13,985 INFO o.a.j.t.JMeterThread: Thread started: Thread Group 1-15
2020-11-18 22:08:13,985 INFO o.a.j.t.JMeterThread: Thread started: Thread Group 1-32
2020-11-18 22:08:13,987 INFO o.a.j.t.JMeterThread: Thread finished: Thread Group 1-3
2020-11-18 22:08:13,987 INFO o.a.j.t.JMeterThread: Thread finished: Thread Group 1-32
2020-11-18 22:08:13,987 INFO o.a.j.t.JMeterThread: Thread finished: Thread Group 1-41
2020-11-18 22:08:13,987 INFO o.a.j.t.JMeterThread: Thread finished: Thread Group 1-49
2020-11-18 22:08:13,987 INFO o.a.j.t.JMeterThread: Thread finished: Thread Group 1-12
2020-11-18 22:08:13,987 INFO o.a.j.t.JMeterThread: Thread finished: Thread Group 1-50
2020-11-18 22:08:13,987 INFO o.a.j.t.JMeterThread: Thread finished: Thread Group 1-15
2020-11-18 22:08:13,987 INFO o.a.j.t.JMeterThread: Thread finished: Thread Group 1-25
2020-11-18 22:08:13,987 INFO o.a.j.t.JMeterThread: Thread finished: Thread Group 1-42
2020-11-18 22:08:13,988 INFO o.a.j.e.StandardJMeterEngine: Notifying test listeners of end of test
2020-11-18 22:08:13,988 INFO o.a.j.g.u.JMeterMenuBar: setRunning(false, *local*)
2020-11-18 22:27:12,194 INFO o.a.j.e.StandardJMeterEngine: Running the test!
2020-11-18 22:27:12,195 INFO o.a.j.s.SampleEvent: List of sample_variables: []
2020-11-18 22:27:12,195 INFO o.a.j.g.u.JMeterMenuBar: setRunning(true, *local*)
2020-11-18 22:27:12,286 INFO o.a.j.e.StandardJMeterEngine: Starting ThreadGroup: 1 : Thread Group
2020-11-18 22:27:12,286 INFO o.a.j.e.StandardJMeterEngine: Starting 50 threads for group Thread Group.
2020-11-18 22:27:12,286 INFO o.a.j.e.StandardJMeterEngine: Thread will continue on error
2020-11-18 22:27:12,287 INFO o.a.j.t.ThreadGroup: Starting thread group... number=1 threads=50 ramp-up=30 delayedStart=false
2020-11-18 22:27:12,296 INFO o.a.j.t.ThreadGroup: Started thread group number 1
2020-11-18 22:27:12,296 INFO o.a.j.e.StandardJMeterEngine: All thread groups have been started
2020-11-18 22:27:17,288 INFO o.a.j.t.JMeterThread: Thread started: Thread Group 1-1
2020-11-18 22:27:17,890 INFO o.a.j.t.JMeterThread: Thread started: Thread Group 1-2
2020-11-18 22:27:18,489 INFO o.a.j.t.JMeterThread: Thread started: Thread Group 1-3
2020-11-18 22:27:19,088 INFO o.a.j.t.JMeterThread: Thread started: Thread Group 1-4
2020-11-18 22:27:19,691 INFO o.a.j.t.JMeterThread: Thread started: Thread Group 1-5
2020-11-18 22:27:20,294 INFO o.a.j.t.JMeterThread: Thread started: Thread Group 1-6
2020-11-18 22:27:20,895 INFO o.a.j.t.JMeterThread: Thread started: Thread Group 1-7
2020-11-18 22:27:21,491 INFO o.a.j.t.JMeterThread: Thread started: Thread Group 1-8
2020-11-18 22:27:22,091 INFO o.a.j.t.JMeterThread: Thread started: Thread Group 1-9
2020-11-18 22:27:22,548 INFO o.a.j.g.a.Start: Stopping test
2020-11-18 22:27:22,583 INFO o.a.j.t.JMeterThread: Stopping: Thread Group 1-17
2020-11-18 22:27:22,584 INFO o.a.j.t.JMeterThread: Stopping: Thread Group 1-18
2020-11-18 22:27:22,584 INFO o.a.j.t.JMeterThread: Stopping: Thread Group 1-25
2020-11-18 22:27:22,584 INFO o.a.j.t.JMeterThread: Thread started: Thread Group 1-17
2020-11-18 22:27:22,584 INFO o.a.j.t.JMeterThread: Stopping: Thread Group 1-42
2020-11-18 22:27:22,584 INFO o.a.j.t.JMeterThread: Stopping: Thread Group 1-15
2020-11-18 22:27:22,584 INFO o.a.j.t.JMeterThread: Thread started: Thread Group 1-25
2020-11-18 22:27:22,584 INFO o.a.j.t.JMeterThread: Stopping: Thread Group 1-40
2020-11-18 22:27:22,584 INFO o.a.j.t.JMeterThread: Thread started: Thread Group 1-18
2020-11-18 22:27:22,584 INFO o.a.j.t.JMeterThread: Thread finished: Thread Group 1-17
2020-11-18 22:27:22,584 INFO o.a.j.t.JMeterThread: Thread finished: Thread Group 1-25
2020-11-18 22:27:22,584 INFO o.a.j.t.JMeterThread: Thread started: Thread Group 1-15
2020-11-18 22:27:22,584 INFO o.a.j.t.JMeterThread: Thread started: Thread Group 1-40
2020-11-18 22:27:22,584 INFO o.a.j.t.JMeterThread: Thread finished: Thread Group 1-18
2020-11-18 22:27:22,584 INFO o.a.j.t.JMeterThread: Thread started: Thread Group 1-42
2020-11-18 22:27:22,584 INFO o.a.j.t.JMeterThread: Stopping: Thread Group 1-38
2020-11-18 22:27:22,585 INFO o.a.j.t.JMeterThread: Thread finished: Thread Group 1-40
2020-11-18 22:27:22,585 INFO o.a.j.t.JMeterThread: Thread finished: Thread Group 1-42
2020-11-18 22:27:22,585 INFO o.a.j.t.JMeterThread: Thread started: Thread Group 1-38
2020-11-18 22:27:22,585 INFO o.a.j.t.JMeterThread: Thread finished: Thread Group 1-38
2020-11-18 22:27:22,585 INFO o.a.j.t.JMeterThread: Stopping: Thread Group 1-28
2020-11-18 22:27:22,585 INFO o.a.j.t.JMeterThread: Thread finished: Thread Group 1-15
2020-11-18 22:27:22,586 INFO o.a.j.t.JMeterThread: Stopping: Thread Group 1-32
2020-11-18 22:27:22,586 INFO o.a.j.t.JMeterThread: Stopping: Thread Group 1-35
2020-11-18 22:27:22,586 INFO o.a.j.t.JMeterThread: Thread started: Thread Group 1-28
2020-11-18 22:27:22,586 INFO o.a.j.t.JMeterThread: Stopping: Thread Group 1-11
2020-11-18 22:27:22,586 INFO o.a.j.t.JMeterThread: Thread started: Thread Group 1-32
2020-11-18 22:27:22,586 INFO o.a.j.t.JMeterThread: Thread finished: Thread Group 1-28
2020-11-18 22:27:22,586 INFO o.a.j.t.JMeterThread: Thread started: Thread Group 1-35
2020-11-18 22:27:22,586 INFO o.a.j.t.JMeterThread: Stopping: Thread Group 1-43
2020-11-18 22:27:22,586 INFO o.a.j.t.JMeterThread: Thread finished: Thread Group 1-32
2020-11-18 22:27:22,586 INFO o.a.j.t.JMeterThread: Stopping: Thread Group 1-27
2020-11-18 22:27:22,586 INFO o.a.j.t.JMeterThread: Thread finished: Thread Group 1-35
2020-11-18 22:27:22,586 INFO o.a.j.t.JMeterThread: Thread started: Thread Group 1-43
2020-11-18 22:27:22,586 INFO o.a.j.t.JMeterThread: Stopping: Thread Group 1-36
2020-11-18 22:27:22,586 INFO o.a.j.t.JMeterThread: Thread started: Thread Group 1-27
2020-11-18 22:27:22,586 INFO o.a.j.t.JMeterThread: Thread started: Thread Group 1-11
2020-11-18 22:27:22,586 INFO o.a.j.t.JMeterThread: Thread finished: Thread Group 1-27
2020-11-18 22:27:22,586 INFO o.a.j.t.JMeterThread: Thread finished: Thread Group 1-43
2020-11-18 22:27:22,586 INFO o.a.j.t.JMeterThread: Thread finished: Thread Group 1-11
2020-11-18 22:27:22,586 INFO o.a.j.t.JMeterThread: Stopping: Thread Group 1-47
2020-11-18 22:27:22,587 INFO o.a.j.t.JMeterThread: Stopping: Thread Group 1-5
2020-11-18 22:27:22,587 INFO o.a.j.t.JMeterThread: Thread started: Thread Group 1-36
2020-11-18 22:27:22,587 WARN o.a.j.t.JMeterThread: Interrupting: Thread Group 1-5 sampler: HTTP Request
2020-11-18 22:27:22,587 INFO o.a.j.t.JMeterThread: Stopping: Thread Group 1-12
2020-11-18 22:27:22,587 INFO o.a.j.t.JMeterThread: Thread finished: Thread Group 1-36
2020-11-18 22:27:22,587 INFO o.a.j.t.JMeterThread: Thread started: Thread Group 1-47
2020-11-18 22:27:22,587 INFO o.a.j.t.JMeterThread: Stopping: Thread Group 1-16
2020-11-18 22:27:22,587 INFO o.a.j.t.JMeterThread: Stopping: Thread Group 1-21
2020-11-18 22:27:22,587 INFO o.a.j.t.JMeterThread: Thread started: Thread Group 1-12
2020-11-18 22:27:22,587 INFO o.a.j.t.JMeterThread: Stopping: Thread Group 1-8
2020-11-18 22:27:22,587 INFO o.a.j.t.JMeterThread: Thread started: Thread Group 1-16
2020-11-18 22:27:22,587 INFO o.a.j.t.JMeterThread: Thread finished: Thread Group 1-47
2020-11-18 22:27:22,587 INFO o.a.j.t.JMeterThread: Thread finished: Thread Group 1-12
2020-11-18 22:27:22,587 INFO o.a.j.t.JMeterThread: Stopping: Thread Group 1-19
2020-11-18 22:27:22,587 INFO o.a.j.t.JMeterThread: Thread started: Thread Group 1-21
2020-11-18 22:27:22,587 INFO o.a.j.t.JMeterThread: Stopping: Thread Group 1-23
2020-11-18 22:27:22,587 INFO o.a.j.t.JMeterThread: Thread finished: Thread Group 1-21
2020-11-18 22:27:22,587 INFO o.a.j.t.JMeterThread: Thread finished: Thread Group 1-16
2020-11-18 22:27:22,587 INFO o.a.j.t.JMeterThread: Stopping: Thread Group 1-13
2020-11-18 22:27:22,587 INFO o.a.j.t.JMeterThread: Thread finished: Thread Group 1-8
2020-11-18 22:27:22,587 INFO o.a.j.t.JMeterThread: Thread started: Thread Group 1-19
2020-11-18 22:27:22,587 INFO o.a.j.t.JMeterThread: Stopping: Thread Group 1-34
2020-11-18 22:27:22,587 INFO o.a.j.t.JMeterThread: Thread started: Thread Group 1-23
2020-11-18 22:27:22,587 INFO o.a.j.t.JMeterThread: Thread started: Thread Group 1-13
2020-11-18 22:27:22,588 INFO o.a.j.t.JMeterThread: Thread finished: Thread Group 1-23
2020-11-18 22:27:22,587 INFO o.a.j.t.JMeterThread: Stopping: Thread Group 1-31
2020-11-18 22:27:22,588 INFO o.a.j.t.JMeterThread: Thread finished: Thread Group 1-13
2020-11-18 22:27:22,587 INFO o.a.j.t.JMeterThread: Thread finished: Thread Group 1-19
2020-11-18 22:27:22,588 INFO o.a.j.t.JMeterThread: Stopping: Thread Group 1-41
2020-11-18 22:27:22,588 INFO o.a.j.t.JMeterThread: Stopping: Thread Group 1-29
2020-11-18 22:27:22,588 INFO o.a.j.t.JMeterThread: Thread started: Thread Group 1-34
2020-11-18 22:27:22,588 INFO o.a.j.t.JMeterThread: Thread started: Thread Group 1-31
2020-11-18 22:27:22,588 INFO o.a.j.t.JMeterThread: Thread started: Thread Group 1-41
2020-11-18 22:27:22,588 INFO o.a.j.t.JMeterThread: Thread started: Thread Group 1-29
2020-11-18 22:27:22,588 INFO o.a.j.t.JMeterThread: Thread finished: Thread Group 1-31
2020-11-18 22:27:22,588 INFO o.a.j.t.JMeterThread: Stopping: Thread Group 1-20
2020-11-18 22:27:22,588 INFO o.a.j.t.JMeterThread: Thread finished: Thread Group 1-34
2020-11-18 22:27:22,588 INFO o.a.j.t.JMeterThread: Thread finished: Thread Group 1-41
2020-11-18 22:27:22,588 INFO o.a.j.t.JMeterThread: Stopping: Thread Group 1-22
2020-11-18 22:27:22,588 INFO o.a.j.t.JMeterThread: Thread started: Thread Group 1-20
2020-11-18 22:27:22,588 INFO o.a.j.t.JMeterThread: Thread finished: Thread Group 1-20
2020-11-18 22:27:22,588 INFO o.a.j.t.JMeterThread: Thread started: Thread Group 1-22
2020-11-18 22:27:22,589 INFO o.a.j.t.JMeterThread: Thread finished: Thread Group 1-22
2020-11-18 22:27:22,588 INFO o.a.j.t.JMeterThread: Thread finished: Thread Group 1-29
2020-11-18 22:27:22,588 INFO o.a.j.t.JMeterThread: Stopping: Thread Group 1-24
2020-11-18 22:27:22,589 INFO o.a.j.t.JMeterThread: Stopping: Thread Group 1-4
2020-11-18 22:27:22,589 WARN o.a.j.t.JMeterThread: Interrupting: Thread Group 1-4 sampler: HTTP Request
2020-11-18 22:27:22,589 INFO o.a.j.t.JMeterThread: Thread started: Thread Group 1-24
2020-11-18 22:27:22,589 INFO o.a.j.t.JMeterThread: Thread finished: Thread Group 1-4
2020-11-18 22:27:22,589 INFO o.a.j.t.JMeterThread: Thread finished: Thread Group 1-24
2020-11-18 22:27:22,589 INFO o.a.j.t.JMeterThread: Stopping: Thread Group 1-46
2020-11-18 22:27:22,589 INFO o.a.j.t.JMeterThread: Stopping: Thread Group 1-44
2020-11-18 22:27:22,589 INFO o.a.j.t.JMeterThread: Thread started: Thread Group 1-46
2020-11-18 22:27:22,589 INFO o.a.j.t.JMeterThread: Thread started: Thread Group 1-44
2020-11-18 22:27:22,589 INFO o.a.j.t.JMeterThread: Thread finished: Thread Group 1-46
2020-11-18 22:27:22,590 INFO o.a.j.t.JMeterThread: Thread finished: Thread Group 1-44
2020-11-18 22:27:22,590 INFO o.a.j.t.JMeterThread: Stopping: Thread Group 1-3
2020-11-18 22:27:22,590 WARN o.a.j.t.JMeterThread: Interrupting: Thread Group 1-3 sampler: HTTP Request
2020-11-18 22:27:22,590 INFO o.a.j.t.JMeterThread: Stopping: Thread Group 1-45
2020-11-18 22:27:22,590 INFO o.a.j.t.JMeterThread: Stopping: Thread Group 1-1
2020-11-18 22:27:22,590 INFO o.a.j.t.JMeterThread: Thread finished: Thread Group 1-3
2020-11-18 22:27:22,590 INFO o.a.j.t.JMeterThread: Stopping: Thread Group 1-14
2020-11-18 22:27:22,590 INFO o.a.j.t.JMeterThread: Thread finished: Thread Group 1-1
2020-11-18 22:27:22,590 INFO o.a.j.t.JMeterThread: Stopping: Thread Group 1-37
2020-11-18 22:27:22,590 INFO o.a.j.t.JMeterThread: Thread started: Thread Group 1-45
2020-11-18 22:27:22,590 INFO o.a.j.t.JMeterThread: Stopping: Thread Group 1-48
2020-11-18 22:27:22,590 INFO o.a.j.t.JMeterThread: Thread started: Thread Group 1-14
2020-11-18 22:27:22,590 INFO o.a.j.t.JMeterThread: Thread finished: Thread Group 1-45
2020-11-18 22:27:22,590 INFO o.a.j.t.JMeterThread: Stopping: Thread Group 1-2
2020-11-18 22:27:22,590 INFO o.a.j.t.JMeterThread: Thread finished: Thread Group 1-14
2020-11-18 22:27:22,590 WARN o.a.j.t.JMeterThread: Interrupting: Thread Group 1-2 sampler: HTTP Request
2020-11-18 22:27:22,590 INFO o.a.j.t.JMeterThread: Thread started: Thread Group 1-48
2020-11-18 22:27:22,590 WARN o.a.j.t.JMeterThread: No operation pending
2020-11-18 22:27:22,590 INFO o.a.j.t.JMeterThread: Thread started: Thread Group 1-37
2020-11-18 22:27:22,590 INFO o.a.j.t.JMeterThread: Stopping: Thread Group 1-49
2020-11-18 22:27:22,590 INFO o.a.j.t.JMeterThread: Thread finished: Thread Group 1-48
2020-11-18 22:27:22,590 INFO o.a.j.t.JMeterThread: Thread finished: Thread Group 1-2
2020-11-18 22:27:22,590 INFO o.a.j.t.JMeterThread: Stopping: Thread Group 1-10
2020-11-18 22:27:22,590 INFO o.a.j.t.JMeterThread: Thread finished: Thread Group 1-37
2020-11-18 22:27:22,590 INFO o.a.j.t.JMeterThread: Stopping: Thread Group 1-7
2020-11-18 22:27:22,590 INFO o.a.j.t.JMeterThread: Thread started: Thread Group 1-49
2020-11-18 22:27:22,591 INFO o.a.j.t.JMeterThread: Stopping: Thread Group 1-26
2020-11-18 22:27:22,591 INFO o.a.j.t.JMeterThread: Stopping: Thread Group 1-30
2020-11-18 22:27:22,591 INFO o.a.j.t.JMeterThread: Thread finished: Thread Group 1-49
2020-11-18 22:27:22,591 INFO o.a.j.t.JMeterThread: Stopping: Thread Group 1-6
2020-11-18 22:27:22,591 INFO o.a.j.t.JMeterThread: Thread started: Thread Group 1-10
2020-11-18 22:27:22,591 WARN o.a.j.t.JMeterThread: Interrupting: Thread Group 1-6 sampler: HTTP Request
2020-11-18 22:27:22,591 INFO o.a.j.t.JMeterThread: Thread started: Thread Group 1-26
2020-11-18 22:27:22,591 WARN o.a.j.t.JMeterThread: No operation pending
2020-11-18 22:27:22,591 INFO o.a.j.t.JMeterThread: Thread started: Thread Group 1-30
2020-11-18 22:27:22,591 INFO o.a.j.t.JMeterThread: Thread finished: Thread Group 1-9
2020-11-18 22:27:22,591 INFO o.a.j.t.JMeterThread: Thread finished: Thread Group 1-10
2020-11-18 22:27:22,591 INFO o.a.j.t.JMeterThread: Thread finished: Thread Group 1-26
2020-11-18 22:27:22,591 INFO o.a.j.t.JMeterThread: Thread finished: Thread Group 1-30
2020-11-18 22:27:22,591 INFO o.a.j.t.JMeterThread: Stopping: Thread Group 1-9
2020-11-18 22:27:22,591 INFO o.a.j.t.JMeterThread: Stopping: Thread Group 1-33
2020-11-18 22:27:22,591 INFO o.a.j.t.JMeterThread: Stopping: Thread Group 1-39
2020-11-18 22:27:22,591 INFO o.a.j.t.JMeterThread: Thread finished: Thread Group 1-7
2020-11-18 22:27:22,591 INFO o.a.j.t.JMeterThread: Thread started: Thread Group 1-33
2020-11-18 22:27:22,591 INFO o.a.j.t.JMeterThread: Thread finished: Thread Group 1-6
2020-11-18 22:27:22,591 INFO o.a.j.t.JMeterThread: Thread started: Thread Group 1-39
2020-11-18 22:27:22,591 INFO o.a.j.t.JMeterThread: Stopping: Thread Group 1-50
2020-11-18 22:27:22,591 INFO o.a.j.t.JMeterThread: Thread finished: Thread Group 1-33
2020-11-18 22:27:22,591 INFO o.a.j.t.JMeterThread: Thread finished: Thread Group 1-39
2020-11-18 22:27:22,592 INFO o.a.j.t.JMeterThread: Thread started: Thread Group 1-50
2020-11-18 22:27:22,592 INFO o.a.j.t.JMeterThread: Thread finished: Thread Group 1-50
2020-11-18 22:27:22,593 INFO o.a.j.t.JMeterThread: Thread finished: Thread Group 1-5
2020-11-18 22:27:22,594 INFO o.a.j.e.StandardJMeterEngine: Notifying test listeners of end of test
2020-11-18 22:27:22,594 INFO o.a.j.g.u.JMeterMenuBar: setRunning(false, *local*)
2020-11-18 22:27:41,705 INFO o.a.j.e.StandardJMeterEngine: Running the test!
2020-11-18 22:27:41,705 INFO o.a.j.s.SampleEvent: List of sample_variables: []
2020-11-18 22:27:41,706 INFO o.a.j.g.u.JMeterMenuBar: setRunning(true, *local*)
2020-11-18 22:27:41,767 INFO o.a.j.e.StandardJMeterEngine: Starting ThreadGroup: 1 : Thread Group
2020-11-18 22:27:41,768 INFO o.a.j.e.StandardJMeterEngine: Starting 50 threads for group Thread Group.
2020-11-18 22:27:41,768 INFO o.a.j.e.StandardJMeterEngine: Thread will continue on error
2020-11-18 22:27:41,768 INFO o.a.j.t.ThreadGroup: Starting thread group... number=1 threads=50 ramp-up=30 delayedStart=false
2020-11-18 22:27:41,779 INFO o.a.j.t.ThreadGroup: Started thread group number 1
2020-11-18 22:27:41,779 INFO o.a.j.e.StandardJMeterEngine: All thread groups have been started
2020-11-18 22:27:46,773 INFO o.a.j.t.JMeterThread: Thread started: Thread Group 1-1
2020-11-18 22:27:47,374 INFO o.a.j.t.JMeterThread: Thread started: Thread Group 1-2
2020-11-18 22:27:47,977 INFO o.a.j.t.JMeterThread: Thread started: Thread Group 1-3
2020-11-18 22:27:48,572 INFO o.a.j.t.JMeterThread: Thread started: Thread Group 1-4
2020-11-18 22:27:49,178 INFO o.a.j.t.JMeterThread: Thread started: Thread Group 1-5
2020-11-18 22:27:49,219 INFO o.a.j.g.a.Start: Stopping test
2020-11-18 22:27:49,233 INFO o.a.j.t.JMeterThread: Stopping: Thread Group 1-9
2020-11-18 22:27:49,233 INFO o.a.j.t.JMeterThread: Stopping: Thread Group 1-32
2020-11-18 22:27:49,233 INFO o.a.j.t.JMeterThread: Stopping: Thread Group 1-5
2020-11-18 22:27:49,233 WARN o.a.j.t.JMeterThread: Interrupting: Thread Group 1-5 sampler: HTTP Request
2020-11-18 22:27:49,233 INFO o.a.j.t.JMeterThread: Thread started: Thread Group 1-9
2020-11-18 22:27:49,233 INFO o.a.j.t.JMeterThread: Thread started: Thread Group 1-32
2020-11-18 22:27:49,234 INFO o.a.j.t.JMeterThread: Thread finished: Thread Group 1-32
2020-11-18 22:27:49,234 INFO o.a.j.t.JMeterThread: Thread finished: Thread Group 1-9
2020-11-18 22:27:49,234 INFO o.a.j.t.JMeterThread: Stopping: Thread Group 1-6
2020-11-18 22:27:49,235 INFO o.a.j.t.JMeterThread: Stopping: Thread Group 1-17
2020-11-18 22:27:49,235 INFO o.a.j.t.JMeterThread: Stopping: Thread Group 1-7
2020-11-18 22:27:49,235 INFO o.a.j.t.JMeterThread: Stopping: Thread Group 1-30
2020-11-18 22:27:49,235 INFO o.a.j.t.JMeterThread: Thread started: Thread Group 1-17
2020-11-18 22:27:49,235 INFO o.a.j.t.JMeterThread: Stopping: Thread Group 1-31
2020-11-18 22:27:49,235 INFO o.a.j.t.JMeterThread: Stopping: Thread Group 1-47
2020-11-18 22:27:49,235 INFO o.a.j.t.JMeterThread: Thread finished: Thread Group 1-17
2020-11-18 22:27:49,235 INFO o.a.j.t.JMeterThread: Thread started: Thread Group 1-7
2020-11-18 22:27:49,235 INFO o.a.j.t.JMeterThread: Thread started: Thread Group 1-6
2020-11-18 22:27:49,235 INFO o.a.j.t.JMeterThread: Thread started: Thread Group 1-30
2020-11-18 22:27:49,235 INFO o.a.j.t.JMeterThread: Stopping: Thread Group 1-50
2020-11-18 22:27:49,235 INFO o.a.j.t.JMeterThread: Thread finished: Thread Group 1-7
2020-11-18 22:27:49,235 INFO o.a.j.t.JMeterThread: Stopping: Thread Group 1-46
2020-11-18 22:27:49,235 INFO o.a.j.t.JMeterThread: Thread finished: Thread Group 1-30
2020-11-18 22:27:49,235 INFO o.a.j.t.JMeterThread: Stopping: Thread Group 1-48
2020-11-18 22:27:49,235 INFO o.a.j.t.JMeterThread: Thread started: Thread Group 1-47
2020-11-18 22:27:49,235 INFO o.a.j.t.JMeterThread: Stopping: Thread Group 1-34
2020-11-18 22:27:49,235 INFO o.a.j.t.JMeterThread: Thread started: Thread Group 1-50
2020-11-18 22:27:49,235 INFO o.a.j.t.JMeterThread: Thread finished: Thread Group 1-6
2020-11-18 22:27:49,235 INFO o.a.j.t.JMeterThread: Thread started: Thread Group 1-31
2020-11-18 22:27:49,236 INFO o.a.j.t.JMeterThread: Thread started: Thread Group 1-48
2020-11-18 22:27:49,236 INFO o.a.j.t.JMeterThread: Thread finished: Thread Group 1-50
2020-11-18 22:27:49,236 INFO o.a.j.t.JMeterThread: Stopping: Thread Group 1-15
2020-11-18 22:27:49,236 INFO o.a.j.t.JMeterThread: Thread finished: Thread Group 1-31
2020-11-18 22:27:49,235 INFO o.a.j.t.JMeterThread: Thread started: Thread Group 1-46
2020-11-18 22:27:49,236 INFO o.a.j.t.JMeterThread: Stopping: Thread Group 1-3
2020-11-18 22:27:49,236 WARN o.a.j.t.JMeterThread: Interrupting: Thread Group 1-3 sampler: HTTP Request
2020-11-18 22:27:49,236 INFO o.a.j.t.JMeterThread: Thread finished: Thread Group 1-46
2020-11-18 22:27:49,236 INFO o.a.j.t.JMeterThread: Thread started: Thread Group 1-34
2020-11-18 22:27:49,237 INFO o.a.j.t.JMeterThread: Thread finished: Thread Group 1-48
2020-11-18 22:27:49,236 INFO o.a.j.t.JMeterThread: Thread finished: Thread Group 1-47
2020-11-18 22:27:49,237 INFO o.a.j.t.JMeterThread: Thread finished: Thread Group 1-34
2020-11-18 22:27:49,236 INFO o.a.j.t.JMeterThread: Thread started: Thread Group 1-15
2020-11-18 22:27:49,237 INFO o.a.j.t.JMeterThread: Thread finished: Thread Group 1-15
2020-11-18 22:27:49,237 INFO o.a.j.t.JMeterThread: Thread finished: Thread Group 1-5
2020-11-18 22:27:49,239 INFO o.a.j.t.JMeterThread: Stopping: Thread Group 1-8
2020-11-18 22:27:49,239 INFO o.a.j.t.JMeterThread: Stopping: Thread Group 1-11
2020-11-18 22:27:49,239 INFO o.a.j.t.JMeterThread: Stopping: Thread Group 1-10
2020-11-18 22:27:49,239 INFO o.a.j.t.JMeterThread: Thread finished: Thread Group 1-3
2020-11-18 22:27:49,239 INFO o.a.j.t.JMeterThread: Stopping: Thread Group 1-49
2020-11-18 22:27:49,239 INFO o.a.j.t.JMeterThread: Thread started: Thread Group 1-8
2020-11-18 22:27:49,239 INFO o.a.j.t.JMeterThread: Stopping: Thread Group 1-38
2020-11-18 22:27:49,239 INFO o.a.j.t.JMeterThread: Thread started: Thread Group 1-11
2020-11-18 22:27:49,239 INFO o.a.j.t.JMeterThread: Thread started: Thread Group 1-49
2020-11-18 22:27:49,239 INFO o.a.j.t.JMeterThread: Stopping: Thread Group 1-40
2020-11-18 22:27:49,239 INFO o.a.j.t.JMeterThread: Thread started: Thread Group 1-10
2020-11-18 22:27:49,239 INFO o.a.j.t.JMeterThread: Thread finished: Thread Group 1-8
2020-11-18 22:27:49,239 INFO o.a.j.t.JMeterThread: Thread started: Thread Group 1-38
2020-11-18 22:27:49,239 INFO o.a.j.t.JMeterThread: Thread finished: Thread Group 1-10
2020-11-18 22:27:49,239 INFO o.a.j.t.JMeterThread: Thread started: Thread Group 1-40
2020-11-18 22:27:49,239 INFO o.a.j.t.JMeterThread: Thread finished: Thread Group 1-38
2020-11-18 22:27:49,239 INFO o.a.j.t.JMeterThread: Thread finished: Thread Group 1-11
2020-11-18 22:27:49,239 INFO o.a.j.t.JMeterThread: Stopping: Thread Group 1-12
2020-11-18 22:27:49,239 INFO o.a.j.t.JMeterThread: Thread finished: Thread Group 1-49
2020-11-18 22:27:49,239 INFO o.a.j.t.JMeterThread: Thread finished: Thread Group 1-40
2020-11-18 22:27:49,240 INFO o.a.j.t.JMeterThread: Stopping: Thread Group 1-14
2020-11-18 22:27:49,240 INFO o.a.j.t.JMeterThread: Stopping: Thread Group 1-22
2020-11-18 22:27:49,240 INFO o.a.j.t.JMeterThread: Stopping: Thread Group 1-35
2020-11-18 22:27:49,240 INFO o.a.j.t.JMeterThread: Thread started: Thread Group 1-12
2020-11-18 22:27:49,240 INFO o.a.j.t.JMeterThread: Stopping: Thread Group 1-28
2020-11-18 22:27:49,240 INFO o.a.j.t.JMeterThread: Thread started: Thread Group 1-14
2020-11-18 22:27:49,240 INFO o.a.j.t.JMeterThread: Thread started: Thread Group 1-22
2020-11-18 22:27:49,240 INFO o.a.j.t.JMeterThread: Stopping: Thread Group 1-4
2020-11-18 22:27:49,240 INFO o.a.j.t.JMeterThread: Thread started: Thread Group 1-35
2020-11-18 22:27:49,240 INFO o.a.j.t.JMeterThread: Thread finished: Thread Group 1-12
2020-11-18 22:27:49,240 INFO o.a.j.t.JMeterThread: Thread started: Thread Group 1-28
2020-11-18 22:27:49,240 INFO o.a.j.t.JMeterThread: Thread finished: Thread Group 1-35
2020-11-18 22:27:49,240 INFO o.a.j.t.JMeterThread: Thread finished: Thread Group 1-22
2020-11-18 22:27:49,240 INFO o.a.j.t.JMeterThread: Thread finished: Thread Group 1-28
2020-11-18 22:27:49,240 INFO o.a.j.t.JMeterThread: Thread finished: Thread Group 1-14
2020-11-18 22:27:49,240 WARN o.a.j.t.JMeterThread: Interrupting: Thread Group 1-4 sampler: HTTP Request
2020-11-18 22:27:49,241 INFO o.a.j.t.JMeterThread: Stopping: Thread Group 1-24
2020-11-18 22:27:49,241 INFO o.a.j.t.JMeterThread: Stopping: Thread Group 1-36
2020-11-18 22:27:49,241 INFO o.a.j.t.JMeterThread: Thread finished: Thread Group 1-4
2020-11-18 22:27:49,241 INFO o.a.j.t.JMeterThread: Stopping: Thread Group 1-44
2020-11-18 22:27:49,241 INFO o.a.j.t.JMeterThread: Thread started: Thread Group 1-24
2020-11-18 22:27:49,241 INFO o.a.j.t.JMeterThread: Stopping: Thread Group 1-45
2020-11-18 22:27:49,241 INFO o.a.j.t.JMeterThread: Thread started: Thread Group 1-36
2020-11-18 22:27:49,241 INFO o.a.j.t.JMeterThread: Stopping: Thread Group 1-39
2020-11-18 22:27:49,241 INFO o.a.j.t.JMeterThread: Thread finished: Thread Group 1-24
2020-11-18 22:27:49,241 INFO o.a.j.t.JMeterThread: Stopping: Thread Group 1-33
2020-11-18 22:27:49,241 INFO o.a.j.t.JMeterThread: Thread started: Thread Group 1-45
2020-11-18 22:27:49,241 INFO o.a.j.t.JMeterThread: Stopping: Thread Group 1-37
2020-11-18 22:27:49,241 INFO o.a.j.t.JMeterThread: Thread started: Thread Group 1-44
2020-11-18 22:27:49,241 INFO o.a.j.t.JMeterThread: Thread finished: Thread Group 1-36
2020-11-18 22:27:49,241 INFO o.a.j.t.JMeterThread: Thread finished: Thread Group 1-45
2020-11-18 22:27:49,241 INFO o.a.j.t.JMeterThread: Thread started: Thread Group 1-39
2020-11-18 22:27:49,241 INFO o.a.j.t.JMeterThread: Thread started: Thread Group 1-33
2020-11-18 22:27:49,241 INFO o.a.j.t.JMeterThread: Thread finished: Thread Group 1-44
2020-11-18 22:27:49,242 INFO o.a.j.t.JMeterThread: Thread finished: Thread Group 1-39
2020-11-18 22:27:49,241 INFO o.a.j.t.JMeterThread: Stopping: Thread Group 1-1
2020-11-18 22:27:49,242 WARN o.a.j.t.JMeterThread: Interrupting: Thread Group 1-1 sampler: HTTP Request
2020-11-18 22:27:49,242 INFO o.a.j.t.JMeterThread: Thread finished: Thread Group 1-33
2020-11-18 22:27:49,242 INFO o.a.j.t.JMeterThread: Thread started: Thread Group 1-37
2020-11-18 22:27:49,242 INFO o.a.j.t.JMeterThread: Thread finished: Thread Group 1-37
2020-11-18 22:27:49,243 INFO o.a.j.t.JMeterThread: Stopping: Thread Group 1-42
2020-11-18 22:27:49,243 INFO o.a.j.t.JMeterThread: Thread finished: Thread Group 1-1
2020-11-18 22:27:49,243 INFO o.a.j.t.JMeterThread: Stopping: Thread Group 1-26
2020-11-18 22:27:49,243 INFO o.a.j.t.JMeterThread: Stopping: Thread Group 1-16
2020-11-18 22:27:49,243 INFO o.a.j.t.JMeterThread: Stopping: Thread Group 1-18
2020-11-18 22:27:49,243 INFO o.a.j.t.JMeterThread: Thread started: Thread Group 1-26
2020-11-18 22:27:49,243 INFO o.a.j.t.JMeterThread: Thread started: Thread Group 1-42
2020-11-18 22:27:49,243 INFO o.a.j.t.JMeterThread: Stopping: Thread Group 1-27
2020-11-18 22:27:49,243 INFO o.a.j.t.JMeterThread: Thread started: Thread Group 1-16
2020-11-18 22:27:49,243 INFO o.a.j.t.JMeterThread: Thread finished: Thread Group 1-26
2020-11-18 22:27:49,243 INFO o.a.j.t.JMeterThread: Stopping: Thread Group 1-43
2020-11-18 22:27:49,244 INFO o.a.j.t.JMeterThread: Thread finished: Thread Group 1-42
2020-11-18 22:27:49,243 INFO o.a.j.t.JMeterThread: Thread started: Thread Group 1-18
2020-11-18 22:27:49,244 INFO o.a.j.t.JMeterThread: Thread finished: Thread Group 1-16
2020-11-18 22:27:49,243 INFO o.a.j.t.JMeterThread: Thread started: Thread Group 1-27
2020-11-18 22:27:49,244 INFO o.a.j.t.JMeterThread: Thread started: Thread Group 1-43
2020-11-18 22:27:49,244 INFO o.a.j.t.JMeterThread: Stopping: Thread Group 1-19
2020-11-18 22:27:49,244 INFO o.a.j.t.JMeterThread: Thread finished: Thread Group 1-18
2020-11-18 22:27:49,244 INFO o.a.j.t.JMeterThread: Stopping: Thread Group 1-23
2020-11-18 22:27:49,244 INFO o.a.j.t.JMeterThread: Thread finished: Thread Group 1-43
2020-11-18 22:27:49,244 INFO o.a.j.t.JMeterThread: Stopping: Thread Group 1-29
2020-11-18 22:27:49,244 INFO o.a.j.t.JMeterThread: Thread finished: Thread Group 1-27
2020-11-18 22:27:49,244 INFO o.a.j.t.JMeterThread: Stopping: Thread Group 1-13
2020-11-18 22:27:49,244 INFO o.a.j.t.JMeterThread: Thread started: Thread Group 1-23
2020-11-18 22:27:49,244 INFO o.a.j.t.JMeterThread: Thread started: Thread Group 1-19
2020-11-18 22:27:49,244 INFO o.a.j.t.JMeterThread: Thread started: Thread Group 1-29
2020-11-18 22:27:49,245 INFO o.a.j.t.JMeterThread: Thread finished: Thread Group 1-19
2020-11-18 22:27:49,245 INFO o.a.j.t.JMeterThread: Thread finished: Thread Group 1-29
2020-11-18 22:27:49,245 INFO o.a.j.t.JMeterThread: Stopping: Thread Group 1-25
2020-11-18 22:27:49,245 INFO o.a.j.t.JMeterThread: Thread finished: Thread Group 1-23
2020-11-18 22:27:49,245 INFO o.a.j.t.JMeterThread: Stopping: Thread Group 1-21
2020-11-18 22:27:49,245 INFO o.a.j.t.JMeterThread: Thread started: Thread Group 1-13
2020-11-18 22:27:49,245 INFO o.a.j.t.JMeterThread: Stopping: Thread Group 1-20
2020-11-18 22:27:49,245 INFO o.a.j.t.JMeterThread: Thread started: Thread Group 1-25
2020-11-18 22:27:49,245 INFO o.a.j.t.JMeterThread: Thread finished: Thread Group 1-13
2020-11-18 22:27:49,245 INFO o.a.j.t.JMeterThread: Stopping: Thread Group 1-2
2020-11-18 22:27:49,245 INFO o.a.j.t.JMeterThread: Thread started: Thread Group 1-21
2020-11-18 22:27:49,245 WARN o.a.j.t.JMeterThread: Interrupting: Thread Group 1-2 sampler: HTTP Request
2020-11-18 22:27:49,245 INFO o.a.j.t.JMeterThread: Thread finished: Thread Group 1-25
2020-11-18 22:27:49,245 INFO o.a.j.t.JMeterThread: Thread started: Thread Group 1-20
2020-11-18 22:27:49,245 INFO o.a.j.t.JMeterThread: Thread finished: Thread Group 1-21
2020-11-18 22:27:49,245 INFO o.a.j.t.JMeterThread: Thread finished: Thread Group 1-20
2020-11-18 22:27:49,246 INFO o.a.j.t.JMeterThread: Stopping: Thread Group 1-41
2020-11-18 22:27:49,246 INFO o.a.j.t.JMeterThread: Thread started: Thread Group 1-41
2020-11-18 22:27:49,246 INFO o.a.j.t.JMeterThread: Thread finished: Thread Group 1-2
2020-11-18 22:27:49,246 INFO o.a.j.t.JMeterThread: Thread finished: Thread Group 1-41
2020-11-18 22:27:49,247 INFO o.a.j.e.StandardJMeterEngine: Notifying test listeners of end of test
2020-11-18 22:27:49,247 INFO o.a.j.g.u.JMeterMenuBar: setRunning(false, *local*)
2020-11-18 22:28:11,109 INFO o.a.j.s.FileServer: Set new base='/Users/erdemyilmaz/Desktop/JAVAPROJECTS/testcurl01'
2020-11-18 22:42:43,542 INFO o.a.j.e.StandardJMeterEngine: Running the test!
2020-11-18 22:42:43,544 INFO o.a.j.s.SampleEvent: List of sample_variables: []
2020-11-18 22:42:43,545 INFO o.a.j.g.u.JMeterMenuBar: setRunning(true, *local*)
2020-11-18 22:42:43,656 INFO o.a.j.e.StandardJMeterEngine: Starting ThreadGroup: 1 : Thread Group
2020-11-18 22:42:43,656 INFO o.a.j.e.StandardJMeterEngine: Starting 2 threads for group Thread Group.
2020-11-18 22:42:43,656 INFO o.a.j.e.StandardJMeterEngine: Thread will continue on error
2020-11-18 22:42:43,656 INFO o.a.j.t.ThreadGroup: Starting thread group... number=1 threads=2 ramp-up=30 delayedStart=false
2020-11-18 22:42:43,657 INFO o.a.j.t.ThreadGroup: Started thread group number 1
2020-11-18 22:42:43,657 INFO o.a.j.e.StandardJMeterEngine: All thread groups have been started
2020-11-18 22:42:48,659 INFO o.a.j.t.JMeterThread: Thread started: Thread Group 1-1
2020-11-18 22:42:56,146 INFO o.a.j.g.a.Start: Stopping test
2020-11-18 22:42:56,167 INFO o.a.j.t.JMeterThread: Stopping: Thread Group 1-2
2020-11-18 22:42:56,167 INFO o.a.j.t.JMeterThread: Stopping: Thread Group 1-1
2020-11-18 22:42:56,167 WARN o.a.j.t.JMeterThread: Interrupting: Thread Group 1-1 sampler: HTTP Request
2020-11-18 22:42:56,167 INFO o.a.j.t.JMeterThread: Thread started: Thread Group 1-2
2020-11-18 22:42:56,167 INFO o.a.j.t.JMeterThread: Thread finished: Thread Group 1-2
2020-11-18 22:42:56,170 INFO o.a.j.t.JMeterThread: Thread finished: Thread Group 1-1
2020-11-18 22:42:56,170 INFO o.a.j.e.StandardJMeterEngine: Notifying test listeners of end of test
2020-11-18 22:42:56,170 INFO o.a.j.g.u.JMeterMenuBar: setRunning(false, *local*)
